Determining if the pthread_create exist failed with the following output:
Change Dir: /home/drone/Documents/ewok_ws/build/mav_planning_msgs/CMakeFiles/CMakeTmp

Run Build Command:"/usr/bin/make" "cmTC_20e56/fast"
/usr/bin/make -f CMakeFiles/cmTC_20e56.dir/build.make CMakeFiles/cmTC_20e56.dir/build
make[1]: Entering directory '/home/drone/Documents/ewok_ws/build/mav_planning_msgs/CMakeFiles/CMakeTmp'
Building C object CMakeFiles/cmTC_20e56.dir/CheckSymbolExists.c.o
/usr/bin/cc    -o CMakeFiles/cmTC_20e56.dir/CheckSymbolExists.c.o   -c /home/drone/Documents/ewok_ws/build/mav_planning_msgs/CMakeFiles/CMakeTmp/CheckSymbolExists.c
Linking C executable cmTC_20e56
/usr/bin/cmake -E cmake_link_script CMakeFiles/cmTC_20e56.dir/link.txt --verbose=1
/usr/bin/cc      -rdynamic CMakeFiles/cmTC_20e56.dir/CheckSymbolExists.c.o  -o cmTC_20e56 
CMakeFiles/cmTC_20e56.dir/CheckSymbolExists.c.o: In function `main':
CheckSymbolExists.c:(.text+0x1b): undefined reference to `pthread_create'
collect2: error: ld returned 1 exit status
CMakeFiles/cmTC_20e56.dir/build.make:97: recipe for target 'cmTC_20e56' failed
make[1]: *** [cmTC_20e56] Error 1
make[1]: Leaving directory '/home/drone/Documents/ewok_ws/build/mav_planning_msgs/CMakeFiles/CMakeTmp'
Makefile:126: recipe for target 'cmTC_20e56/fast' failed
make: *** [cmTC_20e56/fast] Error 2

File /home/drone/Documents/ewok_ws/build/mav_planning_msgs/CMakeFiles/CMakeTmp/CheckSymbolExists.c:
/* */
#include <pthread.h>

int main(int argc, char** argv)
{
  (void)argv;
#ifndef pthread_create
  return ((int*)(&pthread_create))[argc];
#else
  (void)argc;
  return 0;
#endif
}

Determining if the function pthread_create exists in the pthreads failed with the following output:
Change Dir: /home/drone/Documents/ewok_ws/build/mav_planning_msgs/CMakeFiles/CMakeTmp

Run Build Command:"/usr/bin/make" "cmTC_cdbbf/fast"
/usr/bin/make -f CMakeFiles/cmTC_cdbbf.dir/build.make CMakeFiles/cmTC_cdbbf.dir/build
make[1]: Entering directory '/home/drone/Documents/ewok_ws/build/mav_planning_msgs/CMakeFiles/CMakeTmp'
Building C object CMakeFiles/cmTC_cdbbf.dir/CheckFunctionExists.c.o
/usr/bin/cc   -DCHECK_FUNCTION_EXISTS=pthread_create   -o CMakeFiles/cmTC_cdbbf.dir/CheckFunctionExists.c.o   -c /usr/share/cmake-3.10/Modules/CheckFunctionExists.c
Linking C executable cmTC_cdbbf
/usr/bin/cmake -E cmake_link_script CMakeFiles/cmTC_cdbbf.dir/link.txt --verbose=1
/usr/bin/cc  -DCHECK_FUNCTION_EXISTS=pthread_create    -rdynamic CMakeFiles/cmTC_cdbbf.dir/CheckFunctionExists.c.o  -o cmTC_cdbbf -lpthreads 
/usr/bin/ld: cannot find -lpthreads
collect2: error: ld returned 1 exit status
CMakeFiles/cmTC_cdbbf.dir/build.make:97: recipe for target 'cmTC_cdbbf' failed
make[1]: *** [cmTC_cdbbf] Error 1
make[1]: Leaving directory '/home/drone/Documents/ewok_ws/build/mav_planning_msgs/CMakeFiles/CMakeTmp'
Makefile:126: recipe for target 'cmTC_cdbbf/fast' failed
make: *** [cmTC_cdbbf/fast] Error 2


