Determining if the pthread_create exist failed with the following output:
Change Dir: /home/drone/Documents/ewok_ws/build/rotors_hil_interface/CMakeFiles/CMakeTmp

Run Build Command:"/usr/bin/make" "cmTC_56f76/fast"
/usr/bin/make -f CMakeFiles/cmTC_56f76.dir/build.make CMakeFiles/cmTC_56f76.dir/build
make[1]: Entering directory '/home/drone/Documents/ewok_ws/build/rotors_hil_interface/CMakeFiles/CMakeTmp'
Building C object CMakeFiles/cmTC_56f76.dir/CheckSymbolExists.c.o
/usr/bin/cc    -o CMakeFiles/cmTC_56f76.dir/CheckSymbolExists.c.o   -c /home/drone/Documents/ewok_ws/build/rotors_hil_interface/CMakeFiles/CMakeTmp/CheckSymbolExists.c
Linking C executable cmTC_56f76
/usr/bin/cmake -E cmake_link_script CMakeFiles/cmTC_56f76.dir/link.txt --verbose=1
/usr/bin/cc      -rdynamic CMakeFiles/cmTC_56f76.dir/CheckSymbolExists.c.o  -o cmTC_56f76 
CMakeFiles/cmTC_56f76.dir/CheckSymbolExists.c.o: In function `main':
CheckSymbolExists.c:(.text+0x1b): undefined reference to `pthread_create'
collect2: error: ld returned 1 exit status
CMakeFiles/cmTC_56f76.dir/build.make:97: recipe for target 'cmTC_56f76' failed
make[1]: *** [cmTC_56f76] Error 1
make[1]: Leaving directory '/home/drone/Documents/ewok_ws/build/rotors_hil_interface/CMakeFiles/CMakeTmp'
Makefile:126: recipe for target 'cmTC_56f76/fast' failed
make: *** [cmTC_56f76/fast] Error 2

File /home/drone/Documents/ewok_ws/build/rotors_hil_interface/CMakeFiles/CMakeTmp/CheckSymbolExists.c:
/* */
#include <pthread.h>

int main(int argc, char** argv)
{
  (void)argv;
#ifndef pthread_create
  return ((int*)(&pthread_create))[argc];
#else
  (void)argc;
  return 0;
#endif
}

Determining if the function pthread_create exists in the pthreads failed with the following output:
Change Dir: /home/drone/Documents/ewok_ws/build/rotors_hil_interface/CMakeFiles/CMakeTmp

Run Build Command:"/usr/bin/make" "cmTC_823b4/fast"
/usr/bin/make -f CMakeFiles/cmTC_823b4.dir/build.make CMakeFiles/cmTC_823b4.dir/build
make[1]: Entering directory '/home/drone/Documents/ewok_ws/build/rotors_hil_interface/CMakeFiles/CMakeTmp'
Building C object CMakeFiles/cmTC_823b4.dir/CheckFunctionExists.c.o
/usr/bin/cc   -DCHECK_FUNCTION_EXISTS=pthread_create   -o CMakeFiles/cmTC_823b4.dir/CheckFunctionExists.c.o   -c /usr/share/cmake-3.10/Modules/CheckFunctionExists.c
Linking C executable cmTC_823b4
/usr/bin/cmake -E cmake_link_script CMakeFiles/cmTC_823b4.dir/link.txt --verbose=1
/usr/bin/cc  -DCHECK_FUNCTION_EXISTS=pthread_create    -rdynamic CMakeFiles/cmTC_823b4.dir/CheckFunctionExists.c.o  -o cmTC_823b4 -lpthreads 
/usr/bin/ld: cannot find -lpthreads
collect2: error: ld returned 1 exit status
CMakeFiles/cmTC_823b4.dir/build.make:97: recipe for target 'cmTC_823b4' failed
make[1]: *** [cmTC_823b4] Error 1
make[1]: Leaving directory '/home/drone/Documents/ewok_ws/build/rotors_hil_interface/CMakeFiles/CMakeTmp'
Makefile:126: recipe for target 'cmTC_823b4/fast' failed
make: *** [cmTC_823b4/fast] Error 2


