Determining if the pthread_create exist failed with the following output:
Change Dir: /home/drone/Documents/fastplanner_ws/build/FastPlannerOctomap/CMakeFiles/CMakeTmp

Run Build Command:"/usr/bin/make" "cmTC_4ce3c/fast"
/usr/bin/make -f CMakeFiles/cmTC_4ce3c.dir/build.make CMakeFiles/cmTC_4ce3c.dir/build
make[1]: Entering directory '/home/drone/Documents/fastplanner_ws/build/FastPlannerOctomap/CMakeFiles/CMakeTmp'
Building C object CMakeFiles/cmTC_4ce3c.dir/CheckSymbolExists.c.o
/usr/bin/cc    -o CMakeFiles/cmTC_4ce3c.dir/CheckSymbolExists.c.o   -c /home/drone/Documents/fastplanner_ws/build/FastPlannerOctomap/CMakeFiles/CMakeTmp/CheckSymbolExists.c
Linking C executable cmTC_4ce3c
/usr/bin/cmake -E cmake_link_script CMakeFiles/cmTC_4ce3c.dir/link.txt --verbose=1
/usr/bin/cc      -rdynamic CMakeFiles/cmTC_4ce3c.dir/CheckSymbolExists.c.o  -o cmTC_4ce3c 
CMakeFiles/cmTC_4ce3c.dir/CheckSymbolExists.c.o: In function `main':
CheckSymbolExists.c:(.text+0x1b): undefined reference to `pthread_create'
collect2: error: ld returned 1 exit status
CMakeFiles/cmTC_4ce3c.dir/build.make:97: recipe for target 'cmTC_4ce3c' failed
make[1]: *** [cmTC_4ce3c] Error 1
make[1]: Leaving directory '/home/drone/Documents/fastplanner_ws/build/FastPlannerOctomap/CMakeFiles/CMakeTmp'
Makefile:126: recipe for target 'cmTC_4ce3c/fast' failed
make: *** [cmTC_4ce3c/fast] Error 2

File /home/drone/Documents/fastplanner_ws/build/FastPlannerOctomap/CMakeFiles/CMakeTmp/CheckSymbolExists.c:
/* */
#include <pthread.h>

int main(int argc, char** argv)
{
  (void)argv;
#ifndef pthread_create
  return ((int*)(&pthread_create))[argc];
#else
  (void)argc;
  return 0;
#endif
}

Determining if the function pthread_create exists in the pthreads failed with the following output:
Change Dir: /home/drone/Documents/fastplanner_ws/build/FastPlannerOctomap/CMakeFiles/CMakeTmp

Run Build Command:"/usr/bin/make" "cmTC_57cf5/fast"
/usr/bin/make -f CMakeFiles/cmTC_57cf5.dir/build.make CMakeFiles/cmTC_57cf5.dir/build
make[1]: Entering directory '/home/drone/Documents/fastplanner_ws/build/FastPlannerOctomap/CMakeFiles/CMakeTmp'
Building C object CMakeFiles/cmTC_57cf5.dir/CheckFunctionExists.c.o
/usr/bin/cc   -DCHECK_FUNCTION_EXISTS=pthread_create   -o CMakeFiles/cmTC_57cf5.dir/CheckFunctionExists.c.o   -c /usr/share/cmake-3.10/Modules/CheckFunctionExists.c
Linking C executable cmTC_57cf5
/usr/bin/cmake -E cmake_link_script CMakeFiles/cmTC_57cf5.dir/link.txt --verbose=1
/usr/bin/cc  -DCHECK_FUNCTION_EXISTS=pthread_create    -rdynamic CMakeFiles/cmTC_57cf5.dir/CheckFunctionExists.c.o  -o cmTC_57cf5 -lpthreads 
/usr/bin/ld: cannot find -lpthreads
collect2: error: ld returned 1 exit status
CMakeFiles/cmTC_57cf5.dir/build.make:97: recipe for target 'cmTC_57cf5' failed
make[1]: *** [cmTC_57cf5] Error 1
make[1]: Leaving directory '/home/drone/Documents/fastplanner_ws/build/FastPlannerOctomap/CMakeFiles/CMakeTmp'
Makefile:126: recipe for target 'cmTC_57cf5/fast' failed
make: *** [cmTC_57cf5/fast] Error 2


