This file contains any messages produced by compilers while
running configure, to aid debugging if configure makes a mistake.

It was created by libusb-1.0 configure 1.0.26, which was
generated by GNU Autoconf 2.69.  Invocation command line was

  $ ./../src/3b7469543b-a464ae495e.clean/configure --disable-silent-rules --verbose --disable-shared --enable-static --prefix=/home/drone/Documents/vcpkg/installed/x64-linux/debug --bindir=${prefix}/../tools/libusb/debug/bin --sbindir=${prefix}/../tools/libusb/debug/sbin --libdir=${prefix}/lib --includedir=${prefix}/../include --datarootdir=${prefix}/share/libusb

## --------- ##
## Platform. ##
## --------- ##

hostname = drone-NUC10i7FNH
uname -m = x86_64
uname -r = 5.4.0-84-generic
uname -s = Linux
uname -v = #94~18.04.1-Ubuntu SMP Thu Aug 26 23:17:46 UTC 2021

/usr/bin/uname -p = unknown
/bin/uname -X     = unknown

/bin/arch              = unknown
/usr/bin/arch -k       = unknown
/usr/convex/getsysinfo = unknown
/usr/bin/hostinfo      = unknown
/bin/machine           = unknown
/usr/bin/oslevel       = unknown
/bin/universe          = unknown

PATH: /opt/ros/melodic/bin
PATH: /usr/local/sbin
PATH: /usr/local/bin
PATH: /usr/sbin
PATH: /usr/bin
PATH: /sbin
PATH: /bin
PATH: /usr/games
PATH: /usr/local/games
PATH: /snap/bin
PATH: /home/drone/Documents/vcpkg/downloads/tools/ninja/1.10.2-linux
PATH: /usr/bin


## ----------- ##
## Core tests. ##
## ----------- ##

configure:2598: checking for gcc
configure:2614: found /usr/bin/gcc
configure:2625: result: gcc
configure:2854: checking for C compiler version
configure:2863: gcc --version >&5
gcc (Ubuntu 7.5.0-3ubuntu1~18.04) 7.5.0
Copyright (C) 2017 Free Software Foundation, Inc.
This is free software; see the source for copying conditions.  There is NO
warranty; not even for MERCHANTABILITY or FITNESS FOR A PARTICULAR PURPOSE.

configure:2874: $? = 0
configure:2863: gcc -v >&5
Using built-in specs.
COLLECT_GCC=gcc
COLLECT_LTO_WRAPPER=/usr/lib/gcc/x86_64-linux-gnu/7/lto-wrapper
OFFLOAD_TARGET_NAMES=nvptx-none
OFFLOAD_TARGET_DEFAULT=1
Target: x86_64-linux-gnu
Configured with: ../src/configure -v --with-pkgversion='Ubuntu 7.5.0-3ubuntu1~18.04' --with-bugurl=file:///usr/share/doc/gcc-7/README.Bugs --enable-languages=c,ada,c++,go,brig,d,fortran,objc,obj-c++ --prefix=/usr --with-gcc-major-version-only --program-suffix=-7 --program-prefix=x86_64-linux-gnu- --enable-shared --enable-linker-build-id --libexecdir=/usr/lib --without-included-gettext --enable-threads=posix --libdir=/usr/lib --enable-nls --enable-bootstrap --enable-clocale=gnu --enable-libstdcxx-debug --enable-libstdcxx-time=yes --with-default-libstdcxx-abi=new --enable-gnu-unique-object --disable-vtable-verify --enable-libmpx --enable-plugin --enable-default-pie --with-system-zlib --with-target-system-zlib --enable-objc-gc=auto --enable-multiarch --disable-werror --with-arch-32=i686 --with-abi=m64 --with-multilib-list=m32,m64,mx32 --enable-multilib --with-tune=generic --enable-offload-targets=nvptx-none --without-cuda-driver --enable-checking=release --build=x86_64-linux-gnu --host=x86_64-linux-gnu --target=x86_64-linux-gnu
Thread model: posix
gcc version 7.5.0 (Ubuntu 7.5.0-3ubuntu1~18.04) 
configure:2874: $? = 0
configure:2863: gcc -V >&5
gcc: error: unrecognized command line option '-V'
gcc: fatal error: no input files
compilation terminated.
configure:2874: $? = 1
configure:2863: gcc -qversion >&5
gcc: error: unrecognized command line option '-qversion'; did you mean '--version'?
gcc: fatal error: no input files
compilation terminated.
configure:2874: $? = 1
configure:2894: checking whether the C compiler works
configure:2916: gcc -fPIC -g    conftest.c  >&5
configure:2920: $? = 0
configure:2968: result: yes
configure:2971: checking for C compiler default output file name
configure:2973: result: a.out
configure:2979: checking for suffix of executables
configure:2986: gcc -o conftest -fPIC -g    conftest.c  >&5
configure:2990: $? = 0
configure:3012: result: 
configure:3034: checking whether we are cross compiling
configure:3042: gcc -o conftest -fPIC -g    conftest.c  >&5
configure:3046: $? = 0
configure:3053: ./conftest
configure:3057: $? = 0
configure:3072: result: no
configure:3077: checking for suffix of object files
configure:3099: gcc -c -fPIC -g  conftest.c >&5
configure:3103: $? = 0
configure:3124: result: o
configure:3128: checking whether we are using the GNU C compiler
configure:3147: gcc -c -fPIC -g  conftest.c >&5
configure:3147: $? = 0
configure:3156: result: yes
configure:3165: checking whether gcc accepts -g
configure:3185: gcc -c -g  conftest.c >&5
configure:3185: $? = 0
configure:3226: result: yes
configure:3243: checking for gcc option to accept ISO C89
configure:3306: gcc  -c -fPIC -g  conftest.c >&5
configure:3306: $? = 0
configure:3319: result: none needed
configure:3376: checking whether gcc understands -c and -o together
configure:3398: gcc -c conftest.c -o conftest2.o
configure:3401: $? = 0
configure:3398: gcc -c conftest.c -o conftest2.o
configure:3401: $? = 0
configure:3413: result: yes
configure:3488: checking for g++
configure:3504: found /usr/bin/g++
configure:3515: result: g++
configure:3542: checking for C++ compiler version
configure:3551: g++ --version >&5
g++ (Ubuntu 7.5.0-3ubuntu1~18.04) 7.5.0
Copyright (C) 2017 Free Software Foundation, Inc.
This is free software; see the source for copying conditions.  There is NO
warranty; not even for MERCHANTABILITY or FITNESS FOR A PARTICULAR PURPOSE.

configure:3562: $? = 0
configure:3551: g++ -v >&5
Using built-in specs.
COLLECT_GCC=g++
COLLECT_LTO_WRAPPER=/usr/lib/gcc/x86_64-linux-gnu/7/lto-wrapper
OFFLOAD_TARGET_NAMES=nvptx-none
OFFLOAD_TARGET_DEFAULT=1
Target: x86_64-linux-gnu
Configured with: ../src/configure -v --with-pkgversion='Ubuntu 7.5.0-3ubuntu1~18.04' --with-bugurl=file:///usr/share/doc/gcc-7/README.Bugs --enable-languages=c,ada,c++,go,brig,d,fortran,objc,obj-c++ --prefix=/usr --with-gcc-major-version-only --program-suffix=-7 --program-prefix=x86_64-linux-gnu- --enable-shared --enable-linker-build-id --libexecdir=/usr/lib --without-included-gettext --enable-threads=posix --libdir=/usr/lib --enable-nls --enable-bootstrap --enable-clocale=gnu --enable-libstdcxx-debug --enable-libstdcxx-time=yes --with-default-libstdcxx-abi=new --enable-gnu-unique-object --disable-vtable-verify --enable-libmpx --enable-plugin --enable-default-pie --with-system-zlib --with-target-system-zlib --enable-objc-gc=auto --enable-multiarch --disable-werror --with-arch-32=i686 --with-abi=m64 --with-multilib-list=m32,m64,mx32 --enable-multilib --with-tune=generic --enable-offload-targets=nvptx-none --without-cuda-driver --enable-checking=release --build=x86_64-linux-gnu --host=x86_64-linux-gnu --target=x86_64-linux-gnu
Thread model: posix
gcc version 7.5.0 (Ubuntu 7.5.0-3ubuntu1~18.04) 
configure:3562: $? = 0
configure:3551: g++ -V >&5
g++: error: unrecognized command line option '-V'
g++: fatal error: no input files
compilation terminated.
configure:3562: $? = 1
configure:3551: g++ -qversion >&5
g++: error: unrecognized command line option '-qversion'; did you mean '--version'?
g++: fatal error: no input files
compilation terminated.
configure:3562: $? = 1
configure:3566: checking whether we are using the GNU C++ compiler
configure:3585: g++ -c -fPIC -g  conftest.cpp >&5
configure:3585: $? = 0
configure:3594: result: yes
configure:3603: checking whether g++ accepts -g
configure:3623: g++ -c -g  conftest.cpp >&5
configure:3623: $? = 0
configure:3664: result: yes
configure:3688: checking for inline
configure:3704: gcc -c -fPIC -g  conftest.c >&5
configure:3704: $? = 0
configure:3712: result: inline
configure:3746: checking for a BSD-compatible install
configure:3814: result: /usr/bin/install -c
configure:3825: checking whether build environment is sane
configure:3880: result: yes
configure:4028: checking for a thread-safe mkdir -p
configure:4067: result: /bin/mkdir -p
configure:4074: checking for gawk
configure:4104: result: no
configure:4074: checking for mawk
configure:4090: found /usr/bin/mawk
configure:4101: result: mawk
configure:4112: checking whether make sets $(MAKE)
configure:4134: result: yes
configure:4164: checking for style of include used by make
configure:4192: result: GNU
configure:4226: checking whether make supports nested variables
configure:4243: result: yes
configure:4328: checking dependency style of gcc
configure:4439: result: gcc3
configure:4456: checking dependency style of g++
configure:4567: result: gcc3
configure:4654: checking build system type
configure:4668: result: x86_64-pc-linux-gnu
configure:4688: checking host system type
configure:4701: result: x86_64-pc-linux-gnu
configure:4742: checking how to print strings
configure:4769: result: printf
configure:4790: checking for a sed that does not truncate output
configure:4854: result: /bin/sed
configure:4872: checking for grep that handles long lines and -e
configure:4930: result: /bin/grep
configure:4935: checking for egrep
configure:4997: result: /bin/grep -E
configure:5002: checking for fgrep
configure:5064: result: /bin/grep -F
configure:5099: checking for ld used by gcc
configure:5166: result: /usr/bin/ld
configure:5173: checking if the linker (/usr/bin/ld) is GNU ld
configure:5188: result: yes
configure:5200: checking for BSD- or MS-compatible name lister (nm)
configure:5254: result: /usr/bin/nm -B
configure:5384: checking the name lister (/usr/bin/nm -B) interface
configure:5391: gcc -c -fPIC -g  conftest.c >&5
configure:5394: /usr/bin/nm -B "conftest.o"
configure:5397: output
0000000000000000 B some_variable
configure:5404: result: BSD nm
configure:5407: checking whether ln -s works
configure:5411: result: yes
configure:5419: checking the maximum length of command line arguments
configure:5550: result: 1572864
configure:5598: checking how to convert x86_64-pc-linux-gnu file names to x86_64-pc-linux-gnu format
configure:5638: result: func_convert_file_noop
configure:5645: checking how to convert x86_64-pc-linux-gnu file names to toolchain format
configure:5665: result: func_convert_file_noop
configure:5672: checking for /usr/bin/ld option to reload object files
configure:5679: result: -r
configure:5753: checking for objdump
configure:5769: found /usr/bin/objdump
configure:5780: result: objdump
configure:5812: checking how to recognize dependent libraries
configure:6012: result: pass_all
configure:6097: checking for dlltool
configure:6127: result: no
configure:6157: checking how to associate runtime and link libraries
configure:6184: result: printf %s\n
configure:6244: checking for ar
configure:6260: found /usr/bin/ar
configure:6271: result: ar
configure:6308: checking for archiver @FILE support
configure:6325: gcc -c -fPIC -g  conftest.c >&5
configure:6325: $? = 0
configure:6328: ar cru libconftest.a @conftest.lst >&5
ar: `u' modifier ignored since `D' is the default (see `U')
configure:6331: $? = 0
configure:6336: ar cru libconftest.a @conftest.lst >&5
ar: `u' modifier ignored since `D' is the default (see `U')
ar: conftest.o: No such file or directory
configure:6339: $? = 1
configure:6351: result: @
configure:6409: checking for strip
configure:6425: found /usr/bin/strip
configure:6436: result: strip
configure:6508: checking for ranlib
configure:6524: found /usr/bin/ranlib
configure:6535: result: ranlib
configure:6637: checking command to parse /usr/bin/nm -B output from gcc object
configure:6790: gcc -c -fPIC -g  conftest.c >&5
configure:6793: $? = 0
configure:6797: /usr/bin/nm -B conftest.o \| sed -n -e 's/^.*[ ]\([ABCDGIRSTW][ABCDGIRSTW]*\)[ ][ ]*\([_A-Za-z][_A-Za-z0-9]*\)$/\1 \2 \2/p' | sed '/ __gnu_lto/d' \> conftest.nm
configure:6800: $? = 0
configure:6866: gcc -o conftest -fPIC -g    conftest.c conftstm.o >&5
configure:6869: $? = 0
configure:6907: result: ok
configure:6954: checking for sysroot
configure:6984: result: no
configure:6991: checking for a working dd
configure:7029: result: /bin/dd
configure:7033: checking how to truncate binary pipes
configure:7048: result: /bin/dd bs=4096 count=1
configure:7184: gcc -c -fPIC -g  conftest.c >&5
configure:7187: $? = 0
configure:7377: checking for mt
configure:7393: found /bin/mt
configure:7404: result: mt
configure:7427: checking if mt is a manifest tool
configure:7433: mt '-?'
configure:7441: result: no
configure:8118: checking how to run the C preprocessor
configure:8149: gcc -E  conftest.c
configure:8149: $? = 0
configure:8163: gcc -E  conftest.c
conftest.c:11:10: fatal error: ac_nonexistent.h: No such file or directory
 #include <ac_nonexistent.h>
          ^~~~~~~~~~~~~~~~~~
compilation terminated.
configure:8163: $? = 1
configure: failed program was:
| /* confdefs.h */
| #define PACKAGE_NAME "libusb-1.0"
| #define PACKAGE_TARNAME "libusb-1.0"
| #define PACKAGE_VERSION "1.0.26"
| #define PACKAGE_STRING "libusb-1.0 1.0.26"
| #define PACKAGE_BUGREPORT "libusb-devel@lists.sourceforge.net"
| #define PACKAGE_URL "http://libusb.info"
| #define PACKAGE "libusb-1.0"
| #define VERSION "1.0.26"
| /* end confdefs.h.  */
| #include <ac_nonexistent.h>
configure:8188: result: gcc -E
configure:8208: gcc -E  conftest.c
configure:8208: $? = 0
configure:8222: gcc -E  conftest.c
conftest.c:11:10: fatal error: ac_nonexistent.h: No such file or directory
 #include <ac_nonexistent.h>
          ^~~~~~~~~~~~~~~~~~
compilation terminated.
configure:8222: $? = 1
configure: failed program was:
| /* confdefs.h */
| #define PACKAGE_NAME "libusb-1.0"
| #define PACKAGE_TARNAME "libusb-1.0"
| #define PACKAGE_VERSION "1.0.26"
| #define PACKAGE_STRING "libusb-1.0 1.0.26"
| #define PACKAGE_BUGREPORT "libusb-devel@lists.sourceforge.net"
| #define PACKAGE_URL "http://libusb.info"
| #define PACKAGE "libusb-1.0"
| #define VERSION "1.0.26"
| /* end confdefs.h.  */
| #include <ac_nonexistent.h>
configure:8251: checking for ANSI C header files
configure:8271: gcc -c -fPIC -g  conftest.c >&5
configure:8271: $? = 0
configure:8344: gcc -o conftest -fPIC -g    conftest.c  >&5
configure:8344: $? = 0
configure:8344: ./conftest
configure:8344: $? = 0
configure:8355: result: yes
configure:8368: checking for sys/types.h
configure:8368: gcc -c -fPIC -g  conftest.c >&5
configure:8368: $? = 0
configure:8368: result: yes
configure:8368: checking for sys/stat.h
configure:8368: gcc -c -fPIC -g  conftest.c >&5
configure:8368: $? = 0
configure:8368: result: yes
configure:8368: checking for stdlib.h
configure:8368: gcc -c -fPIC -g  conftest.c >&5
configure:8368: $? = 0
configure:8368: result: yes
configure:8368: checking for string.h
configure:8368: gcc -c -fPIC -g  conftest.c >&5
configure:8368: $? = 0
configure:8368: result: yes
configure:8368: checking for memory.h
configure:8368: gcc -c -fPIC -g  conftest.c >&5
configure:8368: $? = 0
configure:8368: result: yes
configure:8368: checking for strings.h
configure:8368: gcc -c -fPIC -g  conftest.c >&5
configure:8368: $? = 0
configure:8368: result: yes
configure:8368: checking for inttypes.h
configure:8368: gcc -c -fPIC -g  conftest.c >&5
configure:8368: $? = 0
configure:8368: result: yes
configure:8368: checking for stdint.h
configure:8368: gcc -c -fPIC -g  conftest.c >&5
configure:8368: $? = 0
configure:8368: result: yes
configure:8368: checking for unistd.h
configure:8368: gcc -c -fPIC -g  conftest.c >&5
configure:8368: $? = 0
configure:8368: result: yes
configure:8382: checking for dlfcn.h
configure:8382: gcc -c -fPIC -g  conftest.c >&5
configure:8382: $? = 0
configure:8382: result: yes
configure:8649: checking for objdir
configure:8664: result: .libs
configure:8928: checking if gcc supports -fno-rtti -fno-exceptions
configure:8946: gcc -c -fPIC -g  -fno-rtti -fno-exceptions conftest.c >&5
cc1: warning: command line option '-fno-rtti' is valid for C++/ObjC++ but not for C
configure:8950: $? = 0
configure:8963: result: no
configure:9321: checking for gcc option to produce PIC
configure:9328: result: -fPIC -DPIC
configure:9336: checking if gcc PIC flag -fPIC -DPIC works
configure:9354: gcc -c -fPIC -g  -fPIC -DPIC -DPIC conftest.c >&5
configure:9358: $? = 0
configure:9371: result: yes
configure:9400: checking if gcc static flag -static works
configure:9428: result: yes
configure:9443: checking if gcc supports -c -o file.o
configure:9464: gcc -c -fPIC -g  -o out/conftest2.o conftest.c >&5
configure:9468: $? = 0
configure:9490: result: yes
configure:9498: checking if gcc supports -c -o file.o
configure:9545: result: yes
configure:9578: checking whether the gcc linker (/usr/bin/ld -m elf_x86_64) supports shared libraries
configure:10841: result: yes
configure:11081: checking dynamic linker characteristics
configure:11662: gcc -o conftest -fPIC -g    -Wl,-rpath -Wl,/foo conftest.c  >&5
configure:11662: $? = 0
configure:11911: result: GNU/Linux ld.so
configure:12033: checking how to hardcode library paths into programs
configure:12058: result: immediate
configure:12606: checking whether stripping libraries is possible
configure:12611: result: yes
configure:12646: checking if libtool supports shared libraries
configure:12648: result: yes
configure:12651: checking whether to build shared libraries
configure:12676: result: no
configure:12679: checking whether to build static libraries
configure:12683: result: yes
configure:12706: checking how to run the C++ preprocessor
configure:12733: g++ -E  conftest.cpp
configure:12733: $? = 0
configure:12747: g++ -E  conftest.cpp
conftest.cpp:23:10: fatal error: ac_nonexistent.h: No such file or directory
 #include <ac_nonexistent.h>
          ^~~~~~~~~~~~~~~~~~
compilation terminated.
configure:12747: $? = 1
configure: failed program was:
| /* confdefs.h */
| #define PACKAGE_NAME "libusb-1.0"
| #define PACKAGE_TARNAME "libusb-1.0"
| #define PACKAGE_VERSION "1.0.26"
| #define PACKAGE_STRING "libusb-1.0 1.0.26"
| #define PACKAGE_BUGREPORT "libusb-devel@lists.sourceforge.net"
| #define PACKAGE_URL "http://libusb.info"
| #define PACKAGE "libusb-1.0"
| #define VERSION "1.0.26"
| #define STDC_HEADERS 1
| #define HAVE_SYS_TYPES_H 1
| #define HAVE_SYS_STAT_H 1
| #define HAVE_STDLIB_H 1
| #define HAVE_STRING_H 1
| #define HAVE_MEMORY_H 1
| #define HAVE_STRINGS_H 1
| #define HAVE_INTTYPES_H 1
| #define HAVE_STDINT_H 1
| #define HAVE_UNISTD_H 1
| #define HAVE_DLFCN_H 1
| #define LT_OBJDIR ".libs/"
| /* end confdefs.h.  */
| #include <ac_nonexistent.h>
configure:12772: result: g++ -E
configure:12792: g++ -E  conftest.cpp
configure:12792: $? = 0
configure:12806: g++ -E  conftest.cpp
conftest.cpp:23:10: fatal error: ac_nonexistent.h: No such file or directory
 #include <ac_nonexistent.h>
          ^~~~~~~~~~~~~~~~~~
compilation terminated.
configure:12806: $? = 1
configure: failed program was:
| /* confdefs.h */
| #define PACKAGE_NAME "libusb-1.0"
| #define PACKAGE_TARNAME "libusb-1.0"
| #define PACKAGE_VERSION "1.0.26"
| #define PACKAGE_STRING "libusb-1.0 1.0.26"
| #define PACKAGE_BUGREPORT "libusb-devel@lists.sourceforge.net"
| #define PACKAGE_URL "http://libusb.info"
| #define PACKAGE "libusb-1.0"
| #define VERSION "1.0.26"
| #define STDC_HEADERS 1
| #define HAVE_SYS_TYPES_H 1
| #define HAVE_SYS_STAT_H 1
| #define HAVE_STDLIB_H 1
| #define HAVE_STRING_H 1
| #define HAVE_MEMORY_H 1
| #define HAVE_STRINGS_H 1
| #define HAVE_INTTYPES_H 1
| #define HAVE_STDINT_H 1
| #define HAVE_UNISTD_H 1
| #define HAVE_DLFCN_H 1
| #define LT_OBJDIR ".libs/"
| /* end confdefs.h.  */
| #include <ac_nonexistent.h>
configure:12968: checking for ld used by g++
configure:13035: result: /usr/bin/ld -m elf_x86_64
configure:13042: checking if the linker (/usr/bin/ld -m elf_x86_64) is GNU ld
configure:13057: result: yes
configure:13112: checking whether the g++ linker (/usr/bin/ld -m elf_x86_64) supports shared libraries
configure:14185: result: yes
configure:14221: g++ -c -fPIC -g  conftest.cpp >&5
configure:14224: $? = 0
configure:14705: checking for g++ option to produce PIC
configure:14712: result: -fPIC -DPIC
configure:14720: checking if g++ PIC flag -fPIC -DPIC works
configure:14738: g++ -c -fPIC -g  -fPIC -DPIC -DPIC conftest.cpp >&5
configure:14742: $? = 0
configure:14755: result: yes
configure:14778: checking if g++ static flag -static works
configure:14806: result: yes
configure:14818: checking if g++ supports -c -o file.o
configure:14839: g++ -c -fPIC -g  -o out/conftest2.o conftest.cpp >&5
configure:14843: $? = 0
configure:14865: result: yes
configure:14870: checking if g++ supports -c -o file.o
configure:14917: result: yes
configure:14947: checking whether the g++ linker (/usr/bin/ld -m elf_x86_64) supports shared libraries
configure:14990: result: yes
configure:15131: checking dynamic linker characteristics
configure:15888: result: GNU/Linux ld.so
configure:15953: checking how to hardcode library paths into programs
configure:15978: result: immediate
configure:16082: checking for windres
configure:16112: result: no
configure:16226: checking whether make supports nested variables
configure:16243: result: yes
configure:16260: checking if gcc supports -std=gnu11
configure:16273: gcc -c -std=gnu11  conftest.c >&5
configure:16273: $? = 0
configure:16274: result: yes
configure:16323: checking operating system
configure:16346: result: Linux
configure:16403: checking for nfds_t
configure:16403: gcc -c -fPIC -g  conftest.c >&5
configure:16403: $? = 0
configure:16403: gcc -c -fPIC -g  conftest.c >&5
conftest.c: In function 'main':
conftest.c:32:21: error: expected expression before ')' token
 if (sizeof ((nfds_t)))
                     ^
configure:16403: $? = 1
configure: failed program was:
| /* confdefs.h */
| #define PACKAGE_NAME "libusb-1.0"
| #define PACKAGE_TARNAME "libusb-1.0"
| #define PACKAGE_VERSION "1.0.26"
| #define PACKAGE_STRING "libusb-1.0 1.0.26"
| #define PACKAGE_BUGREPORT "libusb-devel@lists.sourceforge.net"
| #define PACKAGE_URL "http://libusb.info"
| #define PACKAGE "libusb-1.0"
| #define VERSION "1.0.26"
| #define STDC_HEADERS 1
| #define HAVE_SYS_TYPES_H 1
| #define HAVE_SYS_STAT_H 1
| #define HAVE_STDLIB_H 1
| #define HAVE_STRING_H 1
| #define HAVE_MEMORY_H 1
| #define HAVE_STRINGS_H 1
| #define HAVE_INTTYPES_H 1
| #define HAVE_STDINT_H 1
| #define HAVE_UNISTD_H 1
| #define HAVE_DLFCN_H 1
| #define LT_OBJDIR ".libs/"
| #define _GNU_SOURCE 1
| #define DEFAULT_VISIBILITY __attribute__ ((visibility ("default")))
| #define PRINTF_FORMAT(a, b) __attribute__ ((__format__ (__printf__, a, b)))
| #define PLATFORM_POSIX 1
| /* end confdefs.h.  */
| #include <poll.h>
| 
| int
| main ()
| {
| if (sizeof ((nfds_t)))
| 	    return 0;
|   ;
|   return 0;
| }
configure:16403: result: yes
configure:16416: checking for pipe2
configure:16416: gcc -o conftest -fPIC -g    conftest.c  >&5
configure:16416: $? = 0
configure:16416: result: yes
configure:16427: checking if gcc recognizes -pthread
configure:16440: gcc -c -Wall -Werror -pthread  conftest.c >&5
configure:16440: $? = 0
configure:16441: result: yes
configure:16451: checking for library containing pthread_create
configure:16482: gcc -o conftest -fPIC -g    conftest.c  >&5
/tmp/ccbBZCD6.o: In function `main':
/home/drone/Documents/vcpkg/buildtrees/libusb/x64-linux-dbg/conftest.c:40: undefined reference to `pthread_create'
collect2: error: ld returned 1 exit status
configure:16482: $? = 1
configure: failed program was:
| /* confdefs.h */
| #define PACKAGE_NAME "libusb-1.0"
| #define PACKAGE_TARNAME "libusb-1.0"
| #define PACKAGE_VERSION "1.0.26"
| #define PACKAGE_STRING "libusb-1.0 1.0.26"
| #define PACKAGE_BUGREPORT "libusb-devel@lists.sourceforge.net"
| #define PACKAGE_URL "http://libusb.info"
| #define PACKAGE "libusb-1.0"
| #define VERSION "1.0.26"
| #define STDC_HEADERS 1
| #define HAVE_SYS_TYPES_H 1
| #define HAVE_SYS_STAT_H 1
| #define HAVE_STDLIB_H 1
| #define HAVE_STRING_H 1
| #define HAVE_MEMORY_H 1
| #define HAVE_STRINGS_H 1
| #define HAVE_INTTYPES_H 1
| #define HAVE_STDINT_H 1
| #define HAVE_UNISTD_H 1
| #define HAVE_DLFCN_H 1
| #define LT_OBJDIR ".libs/"
| #define _GNU_SOURCE 1
| #define DEFAULT_VISIBILITY __attribute__ ((visibility ("default")))
| #define PRINTF_FORMAT(a, b) __attribute__ ((__format__ (__printf__, a, b)))
| #define PLATFORM_POSIX 1
| #define HAVE_NFDS_T 1
| #define HAVE_PIPE2 1
| /* end confdefs.h.  */
| 
| /* Override any GCC internal prototype to avoid an error.
|    Use char because int might match the return type of a GCC
|    builtin and then its argument prototype would still apply.  */
| #ifdef __cplusplus
| extern "C"
| #endif
| char pthread_create ();
| int
| main ()
| {
| return pthread_create ();
|   ;
|   return 0;
| }
configure:16482: gcc -o conftest -fPIC -g    conftest.c -lpthread   >&5
configure:16482: $? = 0
configure:16499: result: -lpthread
configure:16508: checking for library containing __atomic_fetch_add_4
configure:16539: gcc -o conftest -fPIC -g    conftest.c -lpthread  >&5
conftest.c:36:6: warning: conflicting types for built-in function '__atomic_fetch_add_4' [-Wbuiltin-declaration-mismatch]
 char __atomic_fetch_add_4 ();
      ^~~~~~~~~~~~~~~~~~~~
/tmp/cc6SqS3b.o: In function `main':
/home/drone/Documents/vcpkg/buildtrees/libusb/x64-linux-dbg/conftest.c:40: undefined reference to `__atomic_fetch_add_4'
collect2: error: ld returned 1 exit status
configure:16539: $? = 1
configure: failed program was:
| /* confdefs.h */
| #define PACKAGE_NAME "libusb-1.0"
| #define PACKAGE_TARNAME "libusb-1.0"
| #define PACKAGE_VERSION "1.0.26"
| #define PACKAGE_STRING "libusb-1.0 1.0.26"
| #define PACKAGE_BUGREPORT "libusb-devel@lists.sourceforge.net"
| #define PACKAGE_URL "http://libusb.info"
| #define PACKAGE "libusb-1.0"
| #define VERSION "1.0.26"
| #define STDC_HEADERS 1
| #define HAVE_SYS_TYPES_H 1
| #define HAVE_SYS_STAT_H 1
| #define HAVE_STDLIB_H 1
| #define HAVE_STRING_H 1
| #define HAVE_MEMORY_H 1
| #define HAVE_STRINGS_H 1
| #define HAVE_INTTYPES_H 1
| #define HAVE_STDINT_H 1
| #define HAVE_UNISTD_H 1
| #define HAVE_DLFCN_H 1
| #define LT_OBJDIR ".libs/"
| #define _GNU_SOURCE 1
| #define DEFAULT_VISIBILITY __attribute__ ((visibility ("default")))
| #define PRINTF_FORMAT(a, b) __attribute__ ((__format__ (__printf__, a, b)))
| #define PLATFORM_POSIX 1
| #define HAVE_NFDS_T 1
| #define HAVE_PIPE2 1
| /* end confdefs.h.  */
| 
| /* Override any GCC internal prototype to avoid an error.
|    Use char because int might match the return type of a GCC
|    builtin and then its argument prototype would still apply.  */
| #ifdef __cplusplus
| extern "C"
| #endif
| char __atomic_fetch_add_4 ();
| int
| main ()
| {
| return __atomic_fetch_add_4 ();
|   ;
|   return 0;
| }
configure:16539: gcc -o conftest -fPIC -g    conftest.c -latomic  -lpthread  >&5
conftest.c:36:6: warning: conflicting types for built-in function '__atomic_fetch_add_4' [-Wbuiltin-declaration-mismatch]
 char __atomic_fetch_add_4 ();
      ^~~~~~~~~~~~~~~~~~~~
configure:16539: $? = 0
configure:16556: result: -latomic
configure:16603: checking for library containing clock_gettime
configure:16634: gcc -o conftest -fPIC -g    conftest.c -latomic -lpthread  >&5
configure:16634: $? = 0
configure:16651: result: none required
configure:16661: checking for pthread_setname_np
configure:16661: gcc -o conftest -fPIC -g    conftest.c -latomic -lpthread  >&5
configure:16661: $? = 0
configure:16661: result: yes
configure:16678: checking libudev.h usability
configure:16678: gcc -c -fPIC -g  conftest.c >&5
conftest.c:63:10: fatal error: libudev.h: No such file or directory
 #include <libudev.h>
          ^~~~~~~~~~~
compilation terminated.
configure:16678: $? = 1
configure: failed program was:
| /* confdefs.h */
| #define PACKAGE_NAME "libusb-1.0"
| #define PACKAGE_TARNAME "libusb-1.0"
| #define PACKAGE_VERSION "1.0.26"
| #define PACKAGE_STRING "libusb-1.0 1.0.26"
| #define PACKAGE_BUGREPORT "libusb-devel@lists.sourceforge.net"
| #define PACKAGE_URL "http://libusb.info"
| #define PACKAGE "libusb-1.0"
| #define VERSION "1.0.26"
| #define STDC_HEADERS 1
| #define HAVE_SYS_TYPES_H 1
| #define HAVE_SYS_STAT_H 1
| #define HAVE_STDLIB_H 1
| #define HAVE_STRING_H 1
| #define HAVE_MEMORY_H 1
| #define HAVE_STRINGS_H 1
| #define HAVE_INTTYPES_H 1
| #define HAVE_STDINT_H 1
| #define HAVE_UNISTD_H 1
| #define HAVE_DLFCN_H 1
| #define LT_OBJDIR ".libs/"
| #define _GNU_SOURCE 1
| #define DEFAULT_VISIBILITY __attribute__ ((visibility ("default")))
| #define PRINTF_FORMAT(a, b) __attribute__ ((__format__ (__printf__, a, b)))
| #define PLATFORM_POSIX 1
| #define HAVE_NFDS_T 1
| #define HAVE_PIPE2 1
| #define HAVE_PTHREAD_SETNAME_NP 1
| /* end confdefs.h.  */
| #include <stdio.h>
| #ifdef HAVE_SYS_TYPES_H
| # include <sys/types.h>
| #endif
| #ifdef HAVE_SYS_STAT_H
| # include <sys/stat.h>
| #endif
| #ifdef STDC_HEADERS
| # include <stdlib.h>
| # include <stddef.h>
| #else
| # ifdef HAVE_STDLIB_H
| #  include <stdlib.h>
| # endif
| #endif
| #ifdef HAVE_STRING_H
| # if !defined STDC_HEADERS && defined HAVE_MEMORY_H
| #  include <memory.h>
| # endif
| # include <string.h>
| #endif
| #ifdef HAVE_STRINGS_H
| # include <strings.h>
| #endif
| #ifdef HAVE_INTTYPES_H
| # include <inttypes.h>
| #endif
| #ifdef HAVE_STDINT_H
| # include <stdint.h>
| #endif
| #ifdef HAVE_UNISTD_H
| # include <unistd.h>
| #endif
| #include <libudev.h>
configure:16678: result: no
configure:16678: checking libudev.h presence
configure:16678: gcc -E  conftest.c
conftest.c:30:10: fatal error: libudev.h: No such file or directory
 #include <libudev.h>
          ^~~~~~~~~~~
compilation terminated.
configure:16678: $? = 1
configure: failed program was:
| /* confdefs.h */
| #define PACKAGE_NAME "libusb-1.0"
| #define PACKAGE_TARNAME "libusb-1.0"
| #define PACKAGE_VERSION "1.0.26"
| #define PACKAGE_STRING "libusb-1.0 1.0.26"
| #define PACKAGE_BUGREPORT "libusb-devel@lists.sourceforge.net"
| #define PACKAGE_URL "http://libusb.info"
| #define PACKAGE "libusb-1.0"
| #define VERSION "1.0.26"
| #define STDC_HEADERS 1
| #define HAVE_SYS_TYPES_H 1
| #define HAVE_SYS_STAT_H 1
| #define HAVE_STDLIB_H 1
| #define HAVE_STRING_H 1
| #define HAVE_MEMORY_H 1
| #define HAVE_STRINGS_H 1
| #define HAVE_INTTYPES_H 1
| #define HAVE_STDINT_H 1
| #define HAVE_UNISTD_H 1
| #define HAVE_DLFCN_H 1
| #define LT_OBJDIR ".libs/"
| #define _GNU_SOURCE 1
| #define DEFAULT_VISIBILITY __attribute__ ((visibility ("default")))
| #define PRINTF_FORMAT(a, b) __attribute__ ((__format__ (__printf__, a, b)))
| #define PLATFORM_POSIX 1
| #define HAVE_NFDS_T 1
| #define HAVE_PIPE2 1
| #define HAVE_PTHREAD_SETNAME_NP 1
| /* end confdefs.h.  */
| #include <libudev.h>
configure:16678: result: no
configure:16678: checking for libudev.h
configure:16678: result: no
configure:16682: error: udev support requested but libudev header not installed

## ---------------- ##
## Cache variables. ##
## ---------------- ##

ac_cv_build=x86_64-pc-linux-gnu
ac_cv_c_compiler_gnu=yes
ac_cv_c_inline=inline
ac_cv_cxx_compiler_gnu=yes
ac_cv_env_CCC_set=
ac_cv_env_CCC_value=
ac_cv_env_CC_set=
ac_cv_env_CC_value=
ac_cv_env_CFLAGS_set=set
ac_cv_env_CFLAGS_value='-fPIC -g'
ac_cv_env_CPPFLAGS_set=
ac_cv_env_CPPFLAGS_value=
ac_cv_env_CPP_set=
ac_cv_env_CPP_value=
ac_cv_env_CXXCPP_set=
ac_cv_env_CXXCPP_value=
ac_cv_env_CXXFLAGS_set=set
ac_cv_env_CXXFLAGS_value='-fPIC -g'
ac_cv_env_CXX_set=
ac_cv_env_CXX_value=
ac_cv_env_LDFLAGS_set=set
ac_cv_env_LDFLAGS_value=' '
ac_cv_env_LIBS_set=
ac_cv_env_LIBS_value=
ac_cv_env_LT_SYS_LIBRARY_PATH_set=
ac_cv_env_LT_SYS_LIBRARY_PATH_value=
ac_cv_env_PKG_CONFIG_LIBDIR_set=
ac_cv_env_PKG_CONFIG_LIBDIR_value=
ac_cv_env_PKG_CONFIG_PATH_set=set
ac_cv_env_PKG_CONFIG_PATH_value=/opt/ros/melodic/lib/pkgconfig:/home/drone/Documents/vcpkg/installed/x64-linux/debug/share/pkgconfig/:/home/drone/Documents/vcpkg/installed/x64-linux/debug/lib/pkgconfig/
ac_cv_env_PKG_CONFIG_set=set
ac_cv_env_PKG_CONFIG_value=/usr/bin/pkg-config
ac_cv_env_UMOCKDEV_CFLAGS_set=
ac_cv_env_UMOCKDEV_CFLAGS_value=
ac_cv_env_UMOCKDEV_HOTPLUG_CFLAGS_set=
ac_cv_env_UMOCKDEV_HOTPLUG_CFLAGS_value=
ac_cv_env_UMOCKDEV_HOTPLUG_LIBS_set=
ac_cv_env_UMOCKDEV_HOTPLUG_LIBS_value=
ac_cv_env_UMOCKDEV_LIBS_set=
ac_cv_env_UMOCKDEV_LIBS_value=
ac_cv_env_build_alias_set=
ac_cv_env_build_alias_value=
ac_cv_env_host_alias_set=
ac_cv_env_host_alias_value=
ac_cv_env_target_alias_set=
ac_cv_env_target_alias_value=
ac_cv_func_pipe2=yes
ac_cv_func_pthread_setname_np=yes
ac_cv_header_dlfcn_h=yes
ac_cv_header_inttypes_h=yes
ac_cv_header_libudev_h=no
ac_cv_header_memory_h=yes
ac_cv_header_stdc=yes
ac_cv_header_stdint_h=yes
ac_cv_header_stdlib_h=yes
ac_cv_header_string_h=yes
ac_cv_header_strings_h=yes
ac_cv_header_sys_stat_h=yes
ac_cv_header_sys_types_h=yes
ac_cv_header_unistd_h=yes
ac_cv_host=x86_64-pc-linux-gnu
ac_cv_objext=o
ac_cv_path_EGREP='/bin/grep -E'
ac_cv_path_FGREP='/bin/grep -F'
ac_cv_path_GREP=/bin/grep
ac_cv_path_SED=/bin/sed
ac_cv_path_install='/usr/bin/install -c'
ac_cv_path_lt_DD=/bin/dd
ac_cv_path_mkdir=/bin/mkdir
ac_cv_prog_AWK=mawk
ac_cv_prog_CPP='gcc -E'
ac_cv_prog_CXXCPP='g++ -E'
ac_cv_prog_ac_ct_AR=ar
ac_cv_prog_ac_ct_CC=gcc
ac_cv_prog_ac_ct_CXX=g++
ac_cv_prog_ac_ct_MANIFEST_TOOL=mt
ac_cv_prog_ac_ct_OBJDUMP=objdump
ac_cv_prog_ac_ct_RANLIB=ranlib
ac_cv_prog_ac_ct_STRIP=strip
ac_cv_prog_cc_c89=
ac_cv_prog_cc_g=yes
ac_cv_prog_cxx_g=yes
ac_cv_prog_make_make_set=yes
ac_cv_search___atomic_fetch_add_4=-latomic
ac_cv_search_clock_gettime='none required'
ac_cv_search_pthread_create=-lpthread
ac_cv_type_nfds_t=yes
am_cv_CC_dependencies_compiler_type=gcc3
am_cv_CXX_dependencies_compiler_type=gcc3
am_cv_make_support_nested_variables=yes
am_cv_prog_cc_c_o=yes
lt_cv_ar_at_file=@
lt_cv_deplibs_check_method=pass_all
lt_cv_file_magic_cmd='$MAGIC_CMD'
lt_cv_file_magic_test_file=
lt_cv_ld_reload_flag=-r
lt_cv_nm_interface='BSD nm'
lt_cv_objdir=.libs
lt_cv_path_LD=/usr/bin/ld
lt_cv_path_LDCXX='/usr/bin/ld -m elf_x86_64'
lt_cv_path_NM='/usr/bin/nm -B'
lt_cv_path_mainfest_tool=no
lt_cv_prog_compiler_c_o=yes
lt_cv_prog_compiler_c_o_CXX=yes
lt_cv_prog_compiler_c_o_RC=yes
lt_cv_prog_compiler_pic='-fPIC -DPIC'
lt_cv_prog_compiler_pic_CXX='-fPIC -DPIC'
lt_cv_prog_compiler_pic_works=yes
lt_cv_prog_compiler_pic_works_CXX=yes
lt_cv_prog_compiler_rtti_exceptions=no
lt_cv_prog_compiler_static_works=yes
lt_cv_prog_compiler_static_works_CXX=yes
lt_cv_prog_gnu_ld=yes
lt_cv_prog_gnu_ldcxx=yes
lt_cv_sharedlib_from_linklib_cmd='printf %s\n'
lt_cv_shlibpath_overrides_runpath=yes
lt_cv_sys_global_symbol_pipe='sed -n -e '\''s/^.*[	 ]\([ABCDGIRSTW][ABCDGIRSTW]*\)[	 ][	 ]*\([_A-Za-z][_A-Za-z0-9]*\)$/\1 \2 \2/p'\'' | sed '\''/ __gnu_lto/d'\'''
lt_cv_sys_global_symbol_to_c_name_address='sed -n -e '\''s/^: \(.*\) .*$/  {"\1", (void *) 0},/p'\'' -e '\''s/^[ABCDGIRSTW][ABCDGIRSTW]* .* \(.*\)$/  {"\1", (void *) \&\1},/p'\'''
lt_cv_sys_global_symbol_to_c_name_address_lib_prefix='sed -n -e '\''s/^: \(.*\) .*$/  {"\1", (void *) 0},/p'\'' -e '\''s/^[ABCDGIRSTW][ABCDGIRSTW]* .* \(lib.*\)$/  {"\1", (void *) \&\1},/p'\'' -e '\''s/^[ABCDGIRSTW][ABCDGIRSTW]* .* \(.*\)$/  {"lib\1", (void *) \&\1},/p'\'''
lt_cv_sys_global_symbol_to_cdecl='sed -n -e '\''s/^T .* \(.*\)$/extern int \1();/p'\'' -e '\''s/^[ABCDGIRSTW][ABCDGIRSTW]* .* \(.*\)$/extern char \1;/p'\'''
lt_cv_sys_global_symbol_to_import=
lt_cv_sys_max_cmd_len=1572864
lt_cv_to_host_file_cmd=func_convert_file_noop
lt_cv_to_tool_file_cmd=func_convert_file_noop
lt_cv_truncate_bin='/bin/dd bs=4096 count=1'

## ----------------- ##
## Output variables. ##
## ----------------- ##

ACLOCAL='${SHELL} /home/drone/Documents/vcpkg/buildtrees/libusb/src/3b7469543b-a464ae495e.clean/missing aclocal-1.15'
AMDEPBACKSLASH='\'
AMDEP_FALSE='#'
AMDEP_TRUE=''
AMTAR='$${TAR-tar}'
AM_BACKSLASH='\'
AM_CFLAGS=''
AM_CPPFLAGS=''
AM_CXXFLAGS=''
AM_DEFAULT_V='$(AM_DEFAULT_VERBOSITY)'
AM_DEFAULT_VERBOSITY='1'
AM_V='$(V)'
AR='ar'
AUTOCONF='${SHELL} /home/drone/Documents/vcpkg/buildtrees/libusb/src/3b7469543b-a464ae495e.clean/missing autoconf'
AUTOHEADER='${SHELL} /home/drone/Documents/vcpkg/buildtrees/libusb/src/3b7469543b-a464ae495e.clean/missing autoheader'
AUTOMAKE='${SHELL} /home/drone/Documents/vcpkg/buildtrees/libusb/src/3b7469543b-a464ae495e.clean/missing automake-1.15'
AWK='mawk'
BUILD_EXAMPLES_FALSE=''
BUILD_EXAMPLES_TRUE=''
BUILD_TESTS_FALSE=''
BUILD_TESTS_TRUE=''
BUILD_UMOCKDEV_TEST_FALSE=''
BUILD_UMOCKDEV_TEST_TRUE=''
CC='gcc'
CCDEPMODE='depmode=gcc3'
CFLAGS='-fPIC -g'
CPP='gcc -E'
CPPFLAGS=''
CREATE_IMPORT_LIB_FALSE=''
CREATE_IMPORT_LIB_TRUE=''
CXX='g++'
CXXCPP='g++ -E'
CXXDEPMODE='depmode=gcc3'
CXXFLAGS='-fPIC -g'
CYGPATH_W='echo'
DEFS=''
DEPDIR='.deps'
DLLTOOL='false'
DOXYGEN_HTMLDIR=''
DSYMUTIL=''
DUMPBIN=''
ECHO_C=''
ECHO_N='-n'
ECHO_T=''
EGREP='/bin/grep -E'
EXEEXT=''
EXTRA_LDFLAGS=''
FGREP='/bin/grep -F'
GREP='/bin/grep'
INSTALL_DATA='${INSTALL} -m 644'
INSTALL_PROGRAM='${INSTALL}'
INSTALL_SCRIPT='${INSTALL}'
INSTALL_STRIP_PROGRAM='$(install_sh) -c -s'
LD='/usr/bin/ld -m elf_x86_64'
LDFLAGS=' '
LIBOBJS=''
LIBS='-latomic -lpthread '
LIBTOOL='$(SHELL) $(top_builddir)/libtool'
LIPO=''
LN_S='ln -s'
LTLIBOBJS=''
LT_LDFLAGS='-version-info 3:0:3 -no-undefined'
LT_SYS_LIBRARY_PATH=''
MAKEINFO='${SHELL} /home/drone/Documents/vcpkg/buildtrees/libusb/src/3b7469543b-a464ae495e.clean/missing makeinfo'
MANIFEST_TOOL=':'
MKDIR_P='/bin/mkdir -p'
NM='/usr/bin/nm -B'
NMEDIT=''
OBJDUMP='objdump'
OBJEXT='o'
OS_DARWIN_FALSE=''
OS_DARWIN_TRUE=''
OS_HAIKU_FALSE=''
OS_HAIKU_TRUE=''
OS_LINUX_FALSE=''
OS_LINUX_TRUE=''
OS_NETBSD_FALSE=''
OS_NETBSD_TRUE=''
OS_NULL_FALSE=''
OS_NULL_TRUE=''
OS_OPENBSD_FALSE=''
OS_OPENBSD_TRUE=''
OS_SUNOS_FALSE=''
OS_SUNOS_TRUE=''
OS_WINDOWS_FALSE=''
OS_WINDOWS_TRUE=''
OTOOL64=''
OTOOL=''
PACKAGE='libusb-1.0'
PACKAGE_BUGREPORT='libusb-devel@lists.sourceforge.net'
PACKAGE_NAME='libusb-1.0'
PACKAGE_STRING='libusb-1.0 1.0.26'
PACKAGE_TARNAME='libusb-1.0'
PACKAGE_URL='http://libusb.info'
PACKAGE_VERSION='1.0.26'
PATH_SEPARATOR=':'
PKG_CONFIG='/usr/bin/pkg-config'
PKG_CONFIG_LIBDIR=''
PKG_CONFIG_PATH='/opt/ros/melodic/lib/pkgconfig:/home/drone/Documents/vcpkg/installed/x64-linux/debug/share/pkgconfig/:/home/drone/Documents/vcpkg/installed/x64-linux/debug/lib/pkgconfig/'
PLATFORM_POSIX_FALSE=''
PLATFORM_POSIX_TRUE=''
PLATFORM_WINDOWS_FALSE=''
PLATFORM_WINDOWS_TRUE=''
RANLIB='ranlib'
RC=''
SED='/bin/sed'
SET_MAKE=''
SHELL='/bin/bash'
STRIP='strip'
THREAD_CFLAGS='-pthread'
THREAD_LIBS='-lpthread'
UMOCKDEV_CFLAGS=''
UMOCKDEV_HOTPLUG_CFLAGS=''
UMOCKDEV_HOTPLUG_LIBS=''
UMOCKDEV_LIBS=''
USE_UDEV_FALSE=''
USE_UDEV_TRUE=''
VERSION='1.0.26'
ac_ct_AR='ar'
ac_ct_CC='gcc'
ac_ct_CXX='g++'
ac_ct_DUMPBIN=''
am__EXEEXT_FALSE=''
am__EXEEXT_TRUE=''
am__fastdepCC_FALSE='#'
am__fastdepCC_TRUE=''
am__fastdepCXX_FALSE='#'
am__fastdepCXX_TRUE=''
am__include='include'
am__isrc=' -I$(srcdir)'
am__leading_dot='.'
am__nodep='_no'
am__quote=''
am__tar='$${TAR-tar} chof - "$$tardir"'
am__untar='$${TAR-tar} xf -'
bindir='${prefix}/../tools/libusb/debug/bin'
build='x86_64-pc-linux-gnu'
build_alias=''
build_cpu='x86_64'
build_os='linux-gnu'
build_vendor='pc'
datadir='${datarootdir}'
datarootdir='${prefix}/share/libusb'
docdir='${datarootdir}/doc/${PACKAGE_TARNAME}'
dvidir='${docdir}'
exec_prefix='NONE'
host='x86_64-pc-linux-gnu'
host_alias=''
host_cpu='x86_64'
host_os='linux-gnu'
host_vendor='pc'
htmldir='${docdir}'
includedir='${prefix}/../include'
infodir='${datarootdir}/info'
install_sh='${SHELL} /home/drone/Documents/vcpkg/buildtrees/libusb/src/3b7469543b-a464ae495e.clean/install-sh'
libdir='${prefix}/lib'
libexecdir='${exec_prefix}/libexec'
localedir='${datarootdir}/locale'
localstatedir='${prefix}/var'
mandir='${datarootdir}/man'
mkdir_p='$(MKDIR_P)'
oldincludedir='/usr/include'
pdfdir='${docdir}'
prefix='/home/drone/Documents/vcpkg/installed/x64-linux/debug'
program_transform_name='s,x,x,'
psdir='${docdir}'
runstatedir='${localstatedir}/run'
sbindir='${prefix}/../tools/libusb/debug/sbin'
sharedstatedir='${prefix}/com'
sysconfdir='${prefix}/etc'
target_alias=''

## ----------- ##
## confdefs.h. ##
## ----------- ##

/* confdefs.h */
#define PACKAGE_NAME "libusb-1.0"
#define PACKAGE_TARNAME "libusb-1.0"
#define PACKAGE_VERSION "1.0.26"
#define PACKAGE_STRING "libusb-1.0 1.0.26"
#define PACKAGE_BUGREPORT "libusb-devel@lists.sourceforge.net"
#define PACKAGE_URL "http://libusb.info"
#define PACKAGE "libusb-1.0"
#define VERSION "1.0.26"
#define STDC_HEADERS 1
#define HAVE_SYS_TYPES_H 1
#define HAVE_SYS_STAT_H 1
#define HAVE_STDLIB_H 1
#define HAVE_STRING_H 1
#define HAVE_MEMORY_H 1
#define HAVE_STRINGS_H 1
#define HAVE_INTTYPES_H 1
#define HAVE_STDINT_H 1
#define HAVE_UNISTD_H 1
#define HAVE_DLFCN_H 1
#define LT_OBJDIR ".libs/"
#define _GNU_SOURCE 1
#define DEFAULT_VISIBILITY __attribute__ ((visibility ("default")))
#define PRINTF_FORMAT(a, b) __attribute__ ((__format__ (__printf__, a, b)))
#define PLATFORM_POSIX 1
#define HAVE_NFDS_T 1
#define HAVE_PIPE2 1
#define HAVE_PTHREAD_SETNAME_NP 1

configure: exit 1
