CMakeFiles/Planner.dir/src/Planner.cpp.o: In function `DynamicEDTOctomapBase<octomap::OcTree>::DynamicEDTOctomapBase(float, octomap::OcTree*, octomath::Vector3, octomath::Vector3, bool)':
Planner.cpp:(.text._ZN21DynamicEDTOctomapBaseIN7octomap6OcTreeEEC2EfPS1_N8octomath7Vector3ES5_b[_ZN21DynamicEDTOctomapBaseIN7octomap6OcTreeEEC5EfPS1_N8octomath7Vector3ES5_b]+0xc0): undefined reference to `DynamicEDT3D::DynamicEDT3D(int)'
CMakeFilesPlanner.cpp:(.text._ZN21DynamicEDTOctomapBaseIN7octomap6OcTreeEEC2EfPS1_N8octomath7Vector3ES5_b/noYawPlanner.dir[_ZN21DynamicEDTOctomapBaseIN7octomap6OcTreeEEC5EfPS1_N8octomath7Vector3ES5_b/]src+0x1dc/noYawPlanner.cpp.o)::  undefinedIn reference  to function ``DynamicEDT3D:DynamicEDTOctomapBase<:~DynamicEDT3Doctomap(:):'OcTree
>CMakeFiles/::Planner.dir/DynamicEDTOctomapBasesrc(/floatPlanner.cpp.o,:  Inoctomap: function:OcTree *`, DynamicEDTOctomapBaseoctomath<:octomap::Vector3:,OcTree> octomath:::~:Vector3DynamicEDTOctomapBase,() bool'):':
Planner.cpp
noYawPlanner.cpp:(:(.text._ZN21DynamicEDTOctomapBaseIN7octomap6OcTreeEED2Ev.text._ZN21DynamicEDTOctomapBaseIN7octomap6OcTreeEEC2EfPS1_N8octomath7Vector3ES5_b[[_ZN21DynamicEDTOctomapBaseIN7octomap6OcTreeEED5Ev_ZN21DynamicEDTOctomapBaseIN7octomap6OcTreeEEC5EfPS1_N8octomath7Vector3ES5_b]+0x22]+):0xc0) undefined:  referenceundefined  toreference  `toDynamicEDT3D :`:DynamicEDT3D~:DynamicEDT3D:(DynamicEDT3D)('int
)CMakeFiles'/
Planner.dirnoYawPlanner.cpp/:src(/.Planner.cpp.otext._ZN21DynamicEDTOctomapBaseIN7octomap6OcTreeEEC2EfPS1_N8octomath7Vector3ES5_b:[ _ZN21DynamicEDTOctomapBaseIN7octomap6OcTreeEEC5EfPS1_N8octomath7Vector3ES5_bIn] +function0x1dc )`:DynamicEDTOctomapBase <undefinedoctomap :reference: OcTreeto> :`:DynamicEDT3Dupdate:(:bool~)DynamicEDT3D'(:)
'Planner.cpp
:CMakeFiles(/.noYawPlanner.dirtext._ZN21DynamicEDTOctomapBaseIN7octomap6OcTreeEE6updateEb/[src_ZN21DynamicEDTOctomapBaseIN7octomap6OcTreeEE6updateEb/]noYawPlanner.cpp.o+:0x2a1 )In:  functionundefined  `referenceDynamicEDTOctomapBase <tooctomap :`:DynamicEDT3DOcTree:>::update:(~boolDynamicEDTOctomapBase)(')
'CMakeFiles:/
Planner.dirnoYawPlanner.cpp/:src(/.Planner.cpp.otext._ZN21DynamicEDTOctomapBaseIN7octomap6OcTreeEED2Ev:[ _ZN21DynamicEDTOctomapBaseIN7octomap6OcTreeEED5EvIn] +function0x22): undefined  reference to `DynamicEDT3D::~DynamicEDT3D()'
CMakeFiles/noYawPlanner.dir/src/noYawPlanner.cpp.o: In function `DynamicEDTOctomapBase<octomap::OcTree>::update(bool)':
noYawPlanner.cpp:(.text._ZN21DynamicEDTOctomapBaseIN7octomap6OcTreeEE6updateEb[_ZN21DynamicEDTOctomapBaseIN7octomap6OcTreeEE6updateEb]+0x2a1): undefined reference to `DynamicEDT3D::update(bool)'
CMakeFiles/noYawPlanner.dir/`src/noYawPlanner.cpp.o: InDynamicEDTOctomapBase function <`octomapDynamicEDTOctomapBase::<OcTreeoctomap:>::OcTree:>initializeOcTree::(octomathinitializeOcTree:(:octomathVector3:,: Vector3octomath:,: Vector3octomath):'::Vector3
)Planner.cpp'::(
.noYawPlanner.cpptext._ZN21DynamicEDTOctomapBaseIN7octomap6OcTreeEE16initializeOcTreeEN8octomath7Vector3ES4_:[(_ZN21DynamicEDTOctomapBaseIN7octomap6OcTreeEE16initializeOcTreeEN8octomath7Vector3ES4_.]text._ZN21DynamicEDTOctomapBaseIN7octomap6OcTreeEE16initializeOcTreeEN8octomath7Vector3ES4_+0x257[)_ZN21DynamicEDTOctomapBaseIN7octomap6OcTreeEE16initializeOcTreeEN8octomath7Vector3ES4_:] undefined+0x257 reference) :to undefined  `reference to `DynamicEDT3D::initializeEmpty(int, int,DynamicEDT3D :int:,initializeEmpty (boolint),'
 CMakeFilesint/,noYawPlanner.dir int/src, /boolnoYawPlanner.cpp.o):' 
InCMakeFiles /functionPlanner.dir /`srcDynamicEDTOctomapBase/<octomapPlanner.cpp.o:: :InOcTree function>: `:updateMaxDepthLeafDynamicEDTOctomapBase(octomap<:octomap::OcTreeKey:&OcTree,> :bool:)updateMaxDepthLeaf'(octomap::
:noYawPlanner.cppOcTreeKey:&(, .booltext._ZN21DynamicEDTOctomapBaseIN7octomap6OcTreeEE18updateMaxDepthLeafERNS0_9OcTreeKeyEb)'[:_ZN21DynamicEDTOctomapBaseIN7octomap6OcTreeEE18updateMaxDepthLeafERNS0_9OcTreeKeyEb
Planner.cpp]+:0xa1().: text._ZN21DynamicEDTOctomapBaseIN7octomap6OcTreeEE18updateMaxDepthLeafERNS0_9OcTreeKeyEbundefined[_ZN21DynamicEDTOctomapBaseIN7octomap6OcTreeEE18updateMaxDepthLeafERNS0_9OcTreeKeyEb reference] +0xa1to) `DynamicEDT3D::setObstacle(int, int, int)'
noYawPlanner.cpp:(.text._ZN21DynamicEDTOctomapBaseIN7octomap6OcTreeEE18updateMaxDepthLeafERNS0_9OcTreeKeyEb[_ZN21DynamicEDTOctomapBaseIN7octomap6OcTreeEE18updateMaxDepthLeafERNS0_9OcTreeKeyEb]+: undefined reference to `DynamicEDT3D::setObstacle(int, int0x127, )int:) undefined' 
referencePlanner.cpp :(to. text._ZN21DynamicEDTOctomapBaseIN7octomap6OcTreeEE18updateMaxDepthLeafERNS0_9OcTreeKeyEb`[DynamicEDT3D_ZN21DynamicEDTOctomapBaseIN7octomap6OcTreeEE18updateMaxDepthLeafERNS0_9OcTreeKeyEb:]:+removeObstacle0x127()int:,  undefinedint ,reference  intto) '`
DynamicEDT3DCMakeFiles:/:noYawPlanner.dirremoveObstacle/(srcint/,noYawPlanner.cpp.o :int ,In  intfunction) '`
DynamicEDTOctomapBaseCMakeFiles<octomap/:Planner.dir:/OcTreesrc>/:Planner.cpp.o::insertMaxDepthLeafAtInitialize (Inoctomap :function: OcTreeKey`)DynamicEDTOctomapBase'<:octomap::
noYawPlanner.cppOcTree:(>.::text._ZN21DynamicEDTOctomapBaseIN7octomap6OcTreeEE30insertMaxDepthLeafAtInitializeENS0_9OcTreeKeyEinsertMaxDepthLeafAtInitialize[(_ZN21DynamicEDTOctomapBaseIN7octomap6OcTreeEE30insertMaxDepthLeafAtInitializeENS0_9OcTreeKeyEoctomap]:+:0x335OcTreeKey)):' :undefined
Planner.cpp reference:( .to text._ZN21DynamicEDTOctomapBaseIN7octomap6OcTreeEE30insertMaxDepthLeafAtInitializeENS0_9OcTreeKeyE`[DynamicEDT3D_ZN21DynamicEDTOctomapBaseIN7octomap6OcTreeEE30insertMaxDepthLeafAtInitializeENS0_9OcTreeKeyE::]setObstacle+(0x335int),:  intundefined,  intreference )to' 
`CMakeFilesDynamicEDT3D/noYawPlanner.dir::/setObstaclesrc(/intnoYawPlanner.cpp.o:, (int.,data.rel.ro._ZTI21DynamicEDTOctomapBaseIN7octomap6OcTreeEE [int_ZTI21DynamicEDTOctomapBaseIN7octomap6OcTreeEE)]'+
0x18CMakeFiles)/:Planner.dir /undefinedsrc /referencePlanner.cpp.o :to( .`data.rel.ro._ZTI21DynamicEDTOctomapBaseIN7octomap6OcTreeEEtypeinfo[ _ZTI21DynamicEDTOctomapBaseIN7octomap6OcTreeEEfor ]DynamicEDT3D+0x18')
:collect2: error: ld returned 1 exit status
 undefined reference to `typeinfo for DynamicEDT3D'
collect2: error: ld returned 1 exit status
make[2]: *** [/home/drone/Documents/catkin_drone/devel/.private/FastPlannerOctomap/lib/FastPlannerOctomap/noYawPlanner] Error 1
make[2]: *** [/home/drone/Documents/catkin_drone/devel/.private/FastPlannerOctomap/lib/FastPlannerOctomap/Planner] Error 1
make[1]: *** [CMakeFiles/noYawPlanner.dir/all] Error 2
make[1]: *** Waiting for unfinished jobs....
make[1]: *** [CMakeFiles/Planner.dir/all] Error 2
make: *** [all] Error 2
