Not searching for unused variables given on the command line.
[36m--[0m Using CATKIN_DEVEL_PREFIX: /home/drone/Documents/catkin_drone/devel/.private/FastPlannerOctomap
[36m--[0m Using CMAKE_PREFIX_PATH: /home/drone/Documents/catkin_drone/devel;/opt/ros/melodic
[36m--[0m This workspace overlays: /home/drone/Documents/catkin_drone/devel;/opt/ros/melodic
[36m--[0m Found PythonInterp: /usr/bin/python2 (found suitable version "2.7.17", minimum required is "2")
[36m--[0m Using PYTHON_EXECUTABLE: /usr/bin/python2
[36m--[0m Using Debian Python package layout
[36m--[0m Using empy: /usr/bin/empy
[36m--[0m Using CATKIN_ENABLE_TESTING: ON
[36m--[0m Call enable_testing()
[36m--[0m Using CATKIN_TEST_RESULTS_DIR: /home/drone/Documents/catkin_drone/build/FastPlannerOctomap/test_results
[36m--[0m Found gtest sources under '/usr/src/googletest': gtests will be built
[36m--[0m Found gmock sources under '/usr/src/googletest': gmock will be built
[36m--[0m Found PythonInterp: /usr/bin/python2 (found version "2.7.17")
[36m--[0m Using Python nosetests: /usr/bin/nosetests-2.7
[36m--[0m catkin 0.7.29
[36m--[0m BUILD_SHARED_LIBS is on
[36m--[0m Using these message generators: gencpp;geneus;genlisp;gennodejs;genpy
[33m[1mCMake Warning[0m at /home/drone/Documents/catkin_drone/src/FastPlannerOctomap/CMakeLists.txt:19 (find_package):
  By not providing "FinddynamicEDT3D.cmake" in CMAKE_MODULE_PATH this project
  has asked CMake to find a package configuration file provided by
  "dynamicEDT3D", but CMake did not find one.

  Could not find a package configuration file provided by "dynamicEDT3D" with
  any of the following names:

    dynamicEDT3DConfig.cmake
    dynamicedt3d-config.cmake

  Add the installation prefix of "dynamicEDT3D" to CMAKE_PREFIX_PATH or set
  "dynamicEDT3D_DIR" to a directory containing one of the above files.  If
  "dynamicEDT3D" provides a separate development package or SDK, be sure it
  has been installed.


[36m--[0m Found OpenCV: /usr (found version "3.2.0")
[36m--[0m Found PkgConfig: /usr/bin/pkg-config (found version "0.29.1")
[36m--[0m Checking for one of the modules 'eigen3'
[36m--[0m Configuring done
[36m--[0m Generating done
[36m--[0m Build files have been written to: /home/drone/Documents/catkin_drone/build/FastPlannerOctomap
