Determining if the pthread_create exist failed with the following output:
Change Dir: /home/drone/Documents/ewok_ws/build/catkin_simple/CMakeFiles/CMakeTmp

Run Build Command:"/usr/bin/make" "cmTC_d75c4/fast"
/usr/bin/make -f CMakeFiles/cmTC_d75c4.dir/build.make CMakeFiles/cmTC_d75c4.dir/build
make[1]: Entering directory '/home/drone/Documents/ewok_ws/build/catkin_simple/CMakeFiles/CMakeTmp'
Building C object CMakeFiles/cmTC_d75c4.dir/CheckSymbolExists.c.o
/usr/bin/cc    -o CMakeFiles/cmTC_d75c4.dir/CheckSymbolExists.c.o   -c /home/drone/Documents/ewok_ws/build/catkin_simple/CMakeFiles/CMakeTmp/CheckSymbolExists.c
Linking C executable cmTC_d75c4
/usr/bin/cmake -E cmake_link_script CMakeFiles/cmTC_d75c4.dir/link.txt --verbose=1
/usr/bin/cc      -rdynamic CMakeFiles/cmTC_d75c4.dir/CheckSymbolExists.c.o  -o cmTC_d75c4 
CMakeFiles/cmTC_d75c4.dir/CheckSymbolExists.c.o: In function `main':
CheckSymbolExists.c:(.text+0x1b): undefined reference to `pthread_create'
collect2: error: ld returned 1 exit status
CMakeFiles/cmTC_d75c4.dir/build.make:97: recipe for target 'cmTC_d75c4' failed
make[1]: *** [cmTC_d75c4] Error 1
make[1]: Leaving directory '/home/drone/Documents/ewok_ws/build/catkin_simple/CMakeFiles/CMakeTmp'
Makefile:126: recipe for target 'cmTC_d75c4/fast' failed
make: *** [cmTC_d75c4/fast] Error 2

File /home/drone/Documents/ewok_ws/build/catkin_simple/CMakeFiles/CMakeTmp/CheckSymbolExists.c:
/* */
#include <pthread.h>

int main(int argc, char** argv)
{
  (void)argv;
#ifndef pthread_create
  return ((int*)(&pthread_create))[argc];
#else
  (void)argc;
  return 0;
#endif
}

Determining if the function pthread_create exists in the pthreads failed with the following output:
Change Dir: /home/drone/Documents/ewok_ws/build/catkin_simple/CMakeFiles/CMakeTmp

Run Build Command:"/usr/bin/make" "cmTC_576e0/fast"
/usr/bin/make -f CMakeFiles/cmTC_576e0.dir/build.make CMakeFiles/cmTC_576e0.dir/build
make[1]: Entering directory '/home/drone/Documents/ewok_ws/build/catkin_simple/CMakeFiles/CMakeTmp'
Building C object CMakeFiles/cmTC_576e0.dir/CheckFunctionExists.c.o
/usr/bin/cc   -DCHECK_FUNCTION_EXISTS=pthread_create   -o CMakeFiles/cmTC_576e0.dir/CheckFunctionExists.c.o   -c /usr/share/cmake-3.10/Modules/CheckFunctionExists.c
Linking C executable cmTC_576e0
/usr/bin/cmake -E cmake_link_script CMakeFiles/cmTC_576e0.dir/link.txt --verbose=1
/usr/bin/cc  -DCHECK_FUNCTION_EXISTS=pthread_create    -rdynamic CMakeFiles/cmTC_576e0.dir/CheckFunctionExists.c.o  -o cmTC_576e0 -lpthreads 
/usr/bin/ld: cannot find -lpthreads
collect2: error: ld returned 1 exit status
CMakeFiles/cmTC_576e0.dir/build.make:97: recipe for target 'cmTC_576e0' failed
make[1]: *** [cmTC_576e0] Error 1
make[1]: Leaving directory '/home/drone/Documents/ewok_ws/build/catkin_simple/CMakeFiles/CMakeTmp'
Makefile:126: recipe for target 'cmTC_576e0/fast' failed
make: *** [cmTC_576e0/fast] Error 2


