Performing C++ SOURCE FILE Test HAVE_BIGOBJ failed with the following output:
Change Dir: /home/drone/Documents/ceres-bin/CMakeFiles/CMakeTmp

Run Build Command:"/usr/bin/make" "cmTC_d95b9/fast"
/usr/bin/make -f CMakeFiles/cmTC_d95b9.dir/build.make CMakeFiles/cmTC_d95b9.dir/build
make[1]: Entering directory '/home/drone/Documents/ceres-bin/CMakeFiles/CMakeTmp'
Building CXX object CMakeFiles/cmTC_d95b9.dir/src.cxx.o
/usr/bin/c++    -DHAVE_BIGOBJ -fPIE   /bigobj -o CMakeFiles/cmTC_d95b9.dir/src.cxx.o -c /home/drone/Documents/ceres-bin/CMakeFiles/CMakeTmp/src.cxx
c++: error: /bigobj: No such file or directory
CMakeFiles/cmTC_d95b9.dir/build.make:65: recipe for target 'CMakeFiles/cmTC_d95b9.dir/src.cxx.o' failed
make[1]: *** [CMakeFiles/cmTC_d95b9.dir/src.cxx.o] Error 1
make[1]: Leaving directory '/home/drone/Documents/ceres-bin/CMakeFiles/CMakeTmp'
Makefile:126: recipe for target 'cmTC_d95b9/fast' failed
make: *** [cmTC_d95b9/fast] Error 2

Source file was:
int main() { return 0; }
Determining if the pthread_create exist failed with the following output:
Change Dir: /home/drone/Documents/ceres-bin/CMakeFiles/CMakeTmp

Run Build Command:"/usr/bin/make" "cmTC_ca107/fast"
/usr/bin/make -f CMakeFiles/cmTC_ca107.dir/build.make CMakeFiles/cmTC_ca107.dir/build
make[1]: Entering directory '/home/drone/Documents/ceres-bin/CMakeFiles/CMakeTmp'
Building C object CMakeFiles/cmTC_ca107.dir/CheckSymbolExists.c.o
/usr/bin/cc   -fPIE   -o CMakeFiles/cmTC_ca107.dir/CheckSymbolExists.c.o   -c /home/drone/Documents/ceres-bin/CMakeFiles/CMakeTmp/CheckSymbolExists.c
Linking C executable cmTC_ca107
/usr/bin/cmake -E cmake_link_script CMakeFiles/cmTC_ca107.dir/link.txt --verbose=1
/usr/bin/cc      CMakeFiles/cmTC_ca107.dir/CheckSymbolExists.c.o  -o cmTC_ca107 
CMakeFiles/cmTC_ca107.dir/CheckSymbolExists.c.o: In function `main':
CheckSymbolExists.c:(.text+0x1b): undefined reference to `pthread_create'
collect2: error: ld returned 1 exit status
CMakeFiles/cmTC_ca107.dir/build.make:97: recipe for target 'cmTC_ca107' failed
make[1]: *** [cmTC_ca107] Error 1
make[1]: Leaving directory '/home/drone/Documents/ceres-bin/CMakeFiles/CMakeTmp'
Makefile:126: recipe for target 'cmTC_ca107/fast' failed
make: *** [cmTC_ca107/fast] Error 2

File /home/drone/Documents/ceres-bin/CMakeFiles/CMakeTmp/CheckSymbolExists.c:
/* */
#include <pthread.h>

int main(int argc, char** argv)
{
  (void)argv;
#ifndef pthread_create
  return ((int*)(&pthread_create))[argc];
#else
  (void)argc;
  return 0;
#endif
}

Determining if the function pthread_create exists in the pthreads failed with the following output:
Change Dir: /home/drone/Documents/ceres-bin/CMakeFiles/CMakeTmp

Run Build Command:"/usr/bin/make" "cmTC_65130/fast"
/usr/bin/make -f CMakeFiles/cmTC_65130.dir/build.make CMakeFiles/cmTC_65130.dir/build
make[1]: Entering directory '/home/drone/Documents/ceres-bin/CMakeFiles/CMakeTmp'
Building C object CMakeFiles/cmTC_65130.dir/CheckFunctionExists.c.o
/usr/bin/cc   -DCHECK_FUNCTION_EXISTS=pthread_create -fPIE   -o CMakeFiles/cmTC_65130.dir/CheckFunctionExists.c.o   -c /usr/share/cmake-3.10/Modules/CheckFunctionExists.c
Linking C executable cmTC_65130
/usr/bin/cmake -E cmake_link_script CMakeFiles/cmTC_65130.dir/link.txt --verbose=1
/usr/bin/cc  -DCHECK_FUNCTION_EXISTS=pthread_create    CMakeFiles/cmTC_65130.dir/CheckFunctionExists.c.o  -o cmTC_65130 -lpthreads 
/usr/bin/ld: cannot find -lpthreads
collect2: error: ld returned 1 exit status
CMakeFiles/cmTC_65130.dir/build.make:97: recipe for target 'cmTC_65130' failed
make[1]: *** [cmTC_65130] Error 1
make[1]: Leaving directory '/home/drone/Documents/ceres-bin/CMakeFiles/CMakeTmp'
Makefile:126: recipe for target 'cmTC_65130/fast' failed
make: *** [cmTC_65130/fast] Error 2


