Determining if the pthread_create exist failed with the following output:
Change Dir: /home/drone/Documents/catkin_drone/build/catkin_tools_prebuild/CMakeFiles/CMakeTmp

Run Build Command:"/usr/bin/make" "cmTC_ee60e/fast"
/usr/bin/make -f CMakeFiles/cmTC_ee60e.dir/build.make CMakeFiles/cmTC_ee60e.dir/build
make[1]: Entering directory '/home/drone/Documents/catkin_drone/build/catkin_tools_prebuild/CMakeFiles/CMakeTmp'
Building C object CMakeFiles/cmTC_ee60e.dir/CheckSymbolExists.c.o
/usr/bin/cc    -o CMakeFiles/cmTC_ee60e.dir/CheckSymbolExists.c.o   -c /home/drone/Documents/catkin_drone/build/catkin_tools_prebuild/CMakeFiles/CMakeTmp/CheckSymbolExists.c
Linking C executable cmTC_ee60e
/usr/bin/cmake -E cmake_link_script CMakeFiles/cmTC_ee60e.dir/link.txt --verbose=1
/usr/bin/cc      -rdynamic CMakeFiles/cmTC_ee60e.dir/CheckSymbolExists.c.o  -o cmTC_ee60e 
CMakeFiles/cmTC_ee60e.dir/CheckSymbolExists.c.o: In function `main':
CheckSymbolExists.c:(.text+0x1b): undefined reference to `pthread_create'
collect2: error: ld returned 1 exit status
CMakeFiles/cmTC_ee60e.dir/build.make:97: recipe for target 'cmTC_ee60e' failed
make[1]: *** [cmTC_ee60e] Error 1
make[1]: Leaving directory '/home/drone/Documents/catkin_drone/build/catkin_tools_prebuild/CMakeFiles/CMakeTmp'
Makefile:126: recipe for target 'cmTC_ee60e/fast' failed
make: *** [cmTC_ee60e/fast] Error 2

File /home/drone/Documents/catkin_drone/build/catkin_tools_prebuild/CMakeFiles/CMakeTmp/CheckSymbolExists.c:
/* */
#include <pthread.h>

int main(int argc, char** argv)
{
  (void)argv;
#ifndef pthread_create
  return ((int*)(&pthread_create))[argc];
#else
  (void)argc;
  return 0;
#endif
}

Determining if the function pthread_create exists in the pthreads failed with the following output:
Change Dir: /home/drone/Documents/catkin_drone/build/catkin_tools_prebuild/CMakeFiles/CMakeTmp

Run Build Command:"/usr/bin/make" "cmTC_a39ea/fast"
/usr/bin/make -f CMakeFiles/cmTC_a39ea.dir/build.make CMakeFiles/cmTC_a39ea.dir/build
make[1]: Entering directory '/home/drone/Documents/catkin_drone/build/catkin_tools_prebuild/CMakeFiles/CMakeTmp'
Building C object CMakeFiles/cmTC_a39ea.dir/CheckFunctionExists.c.o
/usr/bin/cc   -DCHECK_FUNCTION_EXISTS=pthread_create   -o CMakeFiles/cmTC_a39ea.dir/CheckFunctionExists.c.o   -c /usr/share/cmake-3.10/Modules/CheckFunctionExists.c
Linking C executable cmTC_a39ea
/usr/bin/cmake -E cmake_link_script CMakeFiles/cmTC_a39ea.dir/link.txt --verbose=1
/usr/bin/cc  -DCHECK_FUNCTION_EXISTS=pthread_create    -rdynamic CMakeFiles/cmTC_a39ea.dir/CheckFunctionExists.c.o  -o cmTC_a39ea -lpthreads 
/usr/bin/ld: cannot find -lpthreads
collect2: error: ld returned 1 exit status
CMakeFiles/cmTC_a39ea.dir/build.make:97: recipe for target 'cmTC_a39ea' failed
make[1]: *** [cmTC_a39ea] Error 1
make[1]: Leaving directory '/home/drone/Documents/catkin_drone/build/catkin_tools_prebuild/CMakeFiles/CMakeTmp'
Makefile:126: recipe for target 'cmTC_a39ea/fast' failed
make: *** [cmTC_a39ea/fast] Error 2


