[35m[1mScanning dependencies of target mav_msgs_generate_messages_py[0m
[35m[1mScanning dependencies of target bond_generate_messages_py[0m
[35m[1mScanning dependencies of target topic_tools_generate_messages_nodejs[0m
[35m[1mScanning dependencies of target trajectory_msgs_generate_messages_nodejs[0m
[35m[1mScanning dependencies of target pcl_msgs_generate_messages_cpp[0m
[35m[1mScanning dependencies of target topic_tools_generate_messages_eus[0m
[35m[1mScanning dependencies of target pcl_msgs_generate_messages_eus[0m
[35m[1mScanning dependencies of target topic_tools_generate_messages_lisp[0m
[35m[1mScanning dependencies of target pubCamPose[0m
[35m[1mScanning dependencies of target mav_msgs_generate_messages_eus[0m
[35m[1mScanning dependencies of target topic_tools_generate_messages_cpp[0m
[35m[1mScanning dependencies of target mav_msgs_generate_messages_nodejs[0m
[  0%] Built target trajectory_msgs_generate_messages_nodejs
[  0%] Built target topic_tools_generate_messages_eus
[  0%] Built target pcl_msgs_generate_messages_cpp
[  0%] Built target pcl_msgs_generate_messages_eus
[  0%] Built target topic_tools_generate_messages_cpp
[  0%] Built target mav_msgs_generate_messages_eus
[  0%] Built target topic_tools_generate_messages_nodejs
[  0%] Built target bond_generate_messages_py
[  0%] Built target topic_tools_generate_messages_lisp
[  0%] Built target mav_msgs_generate_messages_nodejs
[  0%] Built target mav_msgs_generate_messages_py
[35m[1mScanning dependencies of target nodelet_generate_messages_eus[0m
[35m[1mScanning dependencies of target nodelet_generate_messages_nodejs[0m
[35m[1mScanning dependencies of target bond_generate_messages_eus[0m
[35m[1mScanning dependencies of target dynamic_reconfigure_generate_messages_py[0m
[35m[1mScanning dependencies of target bond_generate_messages_lisp[0m
[35m[1mScanning dependencies of target nodelet_generate_messages_cpp[0m
[35m[1mScanning dependencies of target dynamic_reconfigure_generate_messages_nodejs[0m
[35m[1mScanning dependencies of target nodelet_generate_messages_lisp[0m
[35m[1mScanning dependencies of target dynamic_reconfigure_generate_messages_lisp[0m
[  7%] [32mBuilding CXX object CMakeFiles/pubCamPose.dir/src/pubCamPose.cpp.o[0m
[35m[1mScanning dependencies of target dynamic_reconfigure_generate_messages_eus[0m
[  7%] Built target nodelet_generate_messages_eus
[  7%] Built target bond_generate_messages_eus
[35m[1mScanning dependencies of target pcl_ros_gencfg[0m
[  7%] Built target nodelet_generate_messages_nodejs
[  7%] Built target nodelet_generate_messages_cpp
[  7%] Built target dynamic_reconfigure_generate_messages_py
[  7%] Built target dynamic_reconfigure_generate_messages_nodejs
[  7%] Built target bond_generate_messages_lisp
[35m[1mScanning dependencies of target dynamic_reconfigure_generate_messages_cpp[0m
[  7%] Built target dynamic_reconfigure_generate_messages_eus
[  7%] Built target dynamic_reconfigure_generate_messages_lisp
[35m[1mScanning dependencies of target tf_generate_messages_py[0m
[  7%] Built target pcl_ros_gencfg
[  7%] Built target nodelet_generate_messages_lisp
[35m[1mScanning dependencies of target tf_generate_messages_lisp[0m
[35m[1mScanning dependencies of target mav_msgs_generate_messages_lisp[0m
[35m[1mScanning dependencies of target octomap_msgs_generate_messages_py[0m
[  7%] Built target dynamic_reconfigure_generate_messages_cpp
[35m[1mScanning dependencies of target tf_generate_messages_nodejs[0m
[35m[1mScanning dependencies of target std_srvs_generate_messages_nodejs[0m
[35m[1mScanning dependencies of target octomap_msgs_generate_messages_nodejs[0m
[  7%] Built target tf_generate_messages_py
[35m[1mScanning dependencies of target uuid_msgs_generate_messages_eus[0m
[35m[1mScanning dependencies of target diagnostic_msgs_generate_messages_py[0m
[35m[1mScanning dependencies of target geographic_msgs_generate_messages_eus[0m
[  7%] Built target tf_generate_messages_lisp
[  7%] Built target octomap_msgs_generate_messages_py
[  7%] Built target std_srvs_generate_messages_nodejs
[  7%] Built target mav_msgs_generate_messages_lisp
[35m[1mScanning dependencies of target rosgraph_msgs_generate_messages_lisp[0m
[  7%] Built target tf_generate_messages_nodejs
[  7%] Built target octomap_msgs_generate_messages_nodejs
[  7%] Built target uuid_msgs_generate_messages_eus
[  7%] Built target diagnostic_msgs_generate_messages_py
[35m[1mScanning dependencies of target mavros_msgs_generate_messages_nodejs[0m
[35m[1mScanning dependencies of target rosgraph_msgs_generate_messages_eus[0m
[35m[1mScanning dependencies of target geometry_msgs_generate_messages_eus[0m
[  7%] Built target geographic_msgs_generate_messages_eus
[35m[1mScanning dependencies of target std_srvs_generate_messages_py[0m
[  7%] Built target rosgraph_msgs_generate_messages_lisp
[35m[1mScanning dependencies of target tf_generate_messages_cpp[0m
[35m[1mScanning dependencies of target geographic_msgs_generate_messages_nodejs[0m
[35m[1mScanning dependencies of target pcl_msgs_generate_messages_lisp[0m
[35m[1mScanning dependencies of target actionlib_generate_messages_nodejs[0m
[35m[1mScanning dependencies of target diagnostic_msgs_generate_messages_nodejs[0m
[  7%] Built target rosgraph_msgs_generate_messages_eus
[  7%] Built target mavros_msgs_generate_messages_nodejs
[35m[1mScanning dependencies of target geographic_msgs_generate_messages_cpp[0m
[  7%] Built target geometry_msgs_generate_messages_eus
[  7%] Built target std_srvs_generate_messages_py
[35m[1mScanning dependencies of target diagnostic_msgs_generate_messages_lisp[0m
[  7%] Built target geographic_msgs_generate_messages_nodejs
[  7%] Built target tf_generate_messages_cpp
[  7%] Built target diagnostic_msgs_generate_messages_nodejs
[  7%] Built target actionlib_generate_messages_nodejs
[35m[1mScanning dependencies of target std_srvs_generate_messages_cpp[0m
[35m[1mScanning dependencies of target diagnostic_msgs_generate_messages_eus[0m
[  7%] Built target geographic_msgs_generate_messages_cpp
[  7%] Built target pcl_msgs_generate_messages_lisp
[35m[1mScanning dependencies of target actionlib_msgs_generate_messages_lisp[0m
[35m[1mScanning dependencies of target mav_msgs_generate_messages_cpp[0m
[35m[1mScanning dependencies of target octomap_msgs_generate_messages_lisp[0m
[35m[1mScanning dependencies of target uuid_msgs_generate_messages_lisp[0m
[  7%] Built target diagnostic_msgs_generate_messages_lisp
[35m[1mScanning dependencies of target std_srvs_generate_messages_eus[0m
[35m[1mScanning dependencies of target geographic_msgs_generate_messages_lisp[0m
[  7%] Built target std_srvs_generate_messages_cpp
[35m[1mScanning dependencies of target roscpp_generate_messages_lisp[0m
[  7%] Built target diagnostic_msgs_generate_messages_eus
[35m[1mScanning dependencies of target rosgraph_msgs_generate_messages_nodejs[0m
[  7%] Built target actionlib_msgs_generate_messages_lisp
[  7%] Built target mav_msgs_generate_messages_cpp
[  7%] Built target uuid_msgs_generate_messages_lisp
[  7%] Built target std_srvs_generate_messages_eus
[  7%] Built target octomap_msgs_generate_messages_lisp
[35m[1mScanning dependencies of target std_srvs_generate_messages_lisp[0m
[35m[1mScanning dependencies of target sensor_msgs_generate_messages_eus[0m
[  7%] Built target geographic_msgs_generate_messages_lisp
[35m[1mScanning dependencies of target rosgraph_msgs_generate_messages_cpp[0m
[  7%] Built target roscpp_generate_messages_lisp
[35m[1mScanning dependencies of target roscpp_generate_messages_py[0m
[35m[1mScanning dependencies of target trajectory_msgs_generate_messages_eus[0m
[  7%] Built target std_srvs_generate_messages_lisp
[  7%] Built target rosgraph_msgs_generate_messages_nodejs
[35m[1mScanning dependencies of target trajectory_msgs_generate_messages_py[0m
[  7%] Built target sensor_msgs_generate_messages_eus
[35m[1mScanning dependencies of target topic_tools_generate_messages_py[0m
[  7%] Built target rosgraph_msgs_generate_messages_cpp
[35m[1mScanning dependencies of target nav_msgs_generate_messages_nodejs[0m
[  7%] Built target roscpp_generate_messages_py
[  7%] Built target trajectory_msgs_generate_messages_eus
[35m[1mScanning dependencies of target std_msgs_generate_messages_eus[0m
[35m[1mScanning dependencies of target std_msgs_generate_messages_cpp[0m
[35m[1mScanning dependencies of target actionlib_msgs_generate_messages_nodejs[0m
[35m[1mScanning dependencies of target nodelet_topic_tools_gencfg[0m
[  7%] Built target trajectory_msgs_generate_messages_py
[  7%] Built target topic_tools_generate_messages_py
[  7%] Built target std_msgs_generate_messages_cpp
[  7%] Built target nav_msgs_generate_messages_nodejs
[35m[1mScanning dependencies of target actionlib_generate_messages_cpp[0m
[35m[1mScanning dependencies of target roscpp_generate_messages_cpp[0m
[  7%] Built target std_msgs_generate_messages_eus
[35m[1mScanning dependencies of target geographic_msgs_generate_messages_py[0m
[35m[1mScanning dependencies of target sensor_msgs_generate_messages_nodejs[0m
[  7%] Built target actionlib_msgs_generate_messages_nodejs
[  7%] Built target nodelet_topic_tools_gencfg
[35m[1mScanning dependencies of target octomap_msgs_generate_messages_eus[0m
[35m[1mScanning dependencies of target geometry_msgs_generate_messages_nodejs[0m
[35m[1mScanning dependencies of target geometry_msgs_generate_messages_py[0m
[35m[1mScanning dependencies of target geometry_msgs_generate_messages_lisp[0m
[35m[1mScanning dependencies of target roscpp_generate_messages_nodejs[0m
[  7%] Built target roscpp_generate_messages_cpp
[  7%] Built target actionlib_generate_messages_cpp
[  7%] Built target sensor_msgs_generate_messages_nodejs
[  7%] Built target geographic_msgs_generate_messages_py
[  7%] Built target geometry_msgs_generate_messages_nodejs
[35m[1mScanning dependencies of target std_msgs_generate_messages_py[0m
[35m[1mScanning dependencies of target std_msgs_generate_messages_nodejs[0m
[  7%] Built target geometry_msgs_generate_messages_py
[  7%] Built target octomap_msgs_generate_messages_eus
[  7%] Built target roscpp_generate_messages_nodejs
[  7%] Built target geometry_msgs_generate_messages_lisp
[35m[1mScanning dependencies of target uuid_msgs_generate_messages_py[0m
[35m[1mScanning dependencies of target uuid_msgs_generate_messages_nodejs[0m
[35m[1mScanning dependencies of target std_msgs_generate_messages_lisp[0m
[35m[1mScanning dependencies of target uuid_msgs_generate_messages_cpp[0m
[35m[1mScanning dependencies of target sensor_msgs_generate_messages_lisp[0m
[35m[1mScanning dependencies of target trajectory_msgs_generate_messages_cpp[0m
[  7%] Built target std_msgs_generate_messages_nodejs
[  7%] Built target std_msgs_generate_messages_py
[35m[1mScanning dependencies of target nav_msgs_generate_messages_cpp[0m
[35m[1mScanning dependencies of target mavros_msgs_generate_messages_cpp[0m
[35m[1mScanning dependencies of target mavros_msgs_generate_messages_eus[0m
[  7%] Built target uuid_msgs_generate_messages_py
[  7%] Built target uuid_msgs_generate_messages_nodejs
[  7%] Built target std_msgs_generate_messages_lisp
[  7%] Built target uuid_msgs_generate_messages_cpp
[35m[1mScanning dependencies of target mavros_msgs_generate_messages_py[0m
[  7%] Built target sensor_msgs_generate_messages_lisp
[35m[1mScanning dependencies of target mavros_msgs_generate_messages_lisp[0m
[  7%] Built target trajectory_msgs_generate_messages_cpp
[  7%] Built target mavros_msgs_generate_messages_cpp
[  7%] Built target mavros_msgs_generate_messages_eus
[  7%] Built target nav_msgs_generate_messages_cpp
[35m[1mScanning dependencies of target nodelet_generate_messages_py[0m
[35m[1mScanning dependencies of target sensor_msgs_generate_messages_cpp[0m
[35m[1mScanning dependencies of target sensor_msgs_generate_messages_py[0m
[35m[1mScanning dependencies of target pcl_msgs_generate_messages_nodejs[0m
[  7%] Built target mavros_msgs_generate_messages_lisp
[  7%] Built target mavros_msgs_generate_messages_py
[35m[1mScanning dependencies of target nav_msgs_generate_messages_lisp[0m
[35m[1mScanning dependencies of target roscpp_generate_messages_eus[0m
[35m[1mScanning dependencies of target tf_generate_messages_eus[0m
[35m[1mScanning dependencies of target actionlib_msgs_generate_messages_cpp[0m
[35m[1mScanning dependencies of target rosgraph_msgs_generate_messages_py[0m
[  7%] Built target pcl_msgs_generate_messages_nodejs
[  7%] Built target sensor_msgs_generate_messages_cpp
[  7%] Built target sensor_msgs_generate_messages_py
[  7%] Built target nodelet_generate_messages_py
[35m[1mScanning dependencies of target actionlib_msgs_generate_messages_eus[0m
[35m[1mScanning dependencies of target octomap_msgs_generate_messages_cpp[0m
[  7%] Built target roscpp_generate_messages_eus
[  7%] Built target nav_msgs_generate_messages_lisp
[  7%] Built target tf_generate_messages_eus
[  7%] Built target rosgraph_msgs_generate_messages_py
[35m[1mScanning dependencies of target actionlib_msgs_generate_messages_py[0m
[35m[1mScanning dependencies of target pcl_msgs_generate_messages_py[0m
[  7%] Built target actionlib_msgs_generate_messages_cpp
[35m[1mScanning dependencies of target diagnostic_msgs_generate_messages_cpp[0m
[35m[1mScanning dependencies of target actionlib_generate_messages_eus[0m
[  7%] Built target actionlib_msgs_generate_messages_eus
[  7%] Built target octomap_msgs_generate_messages_cpp
[35m[1mScanning dependencies of target actionlib_generate_messages_lisp[0m
[35m[1mScanning dependencies of target geometry_msgs_generate_messages_cpp[0m
[  7%] Built target actionlib_msgs_generate_messages_py
[  7%] Built target pcl_msgs_generate_messages_py
[35m[1mScanning dependencies of target tf2_msgs_generate_messages_cpp[0m
[35m[1mScanning dependencies of target nav_msgs_generate_messages_eus[0m
[  7%] Built target diagnostic_msgs_generate_messages_cpp
[35m[1mScanning dependencies of target tf2_msgs_generate_messages_eus[0m
[35m[1mScanning dependencies of target dynamic_reconfigure_gencfg[0m
[  7%] Built target actionlib_generate_messages_eus
[35m[1mScanning dependencies of target nav_msgs_generate_messages_py[0m
[  7%] Built target geometry_msgs_generate_messages_cpp
[  7%] Built target tf2_msgs_generate_messages_cpp
[  7%] Built target nav_msgs_generate_messages_eus
[  7%] Built target actionlib_generate_messages_lisp
[35m[1mScanning dependencies of target actionlib_generate_messages_py[0m
[35m[1mScanning dependencies of target tf2_msgs_generate_messages_lisp[0m
[35m[1mScanning dependencies of target tf2_msgs_generate_messages_py[0m
[  7%] Built target tf2_msgs_generate_messages_eus
[  7%] Built target dynamic_reconfigure_gencfg
[  7%] Built target nav_msgs_generate_messages_py
[35m[1mScanning dependencies of target tf2_msgs_generate_messages_nodejs[0m
[35m[1mScanning dependencies of target trajectory_msgs_generate_messages_lisp[0m
[35m[1mScanning dependencies of target bond_generate_messages_cpp[0m
[  7%] Built target actionlib_generate_messages_py
[35m[1mScanning dependencies of target bond_generate_messages_nodejs[0m
[  7%] Built target tf2_msgs_generate_messages_lisp
[35m[1mScanning dependencies of target pcNoise[0m
[  7%] Built target tf2_msgs_generate_messages_py
[  7%] Built target tf2_msgs_generate_messages_nodejs
[  7%] Built target trajectory_msgs_generate_messages_lisp
[  7%] Built target bond_generate_messages_cpp
[  7%] Built target bond_generate_messages_nodejs
[35m[1mScanning dependencies of target bspline_controller_rishabh[0m
[35m[1mScanning dependencies of target trajectory_replanning_rishabh[0m
[35m[1mScanning dependencies of target bspline_lee_position_controller_node[0m
[35m[1mScanning dependencies of target trajectory_replanning_pointcloud[0m
[35m[1mScanning dependencies of target trajectory_replanning_example[0m
[ 14%] [32mBuilding CXX object CMakeFiles/bspline_controller_rishabh.dir/src/bspline_controller_rishabh.cpp.o[0m
[ 21%] [32mBuilding CXX object CMakeFiles/trajectory_replanning_pointcloud.dir/src/trajectory_replanning_example_pointCloud.cpp.o[0m
[ 28%] [32mBuilding CXX object CMakeFiles/pcNoise.dir/src/pcNoise.cpp.o[0m
[ 35%] [32mBuilding CXX object CMakeFiles/bspline_lee_position_controller_node.dir/src/bspline_lee_position_controller_node.cpp.o[0m
[ 42%] [32mBuilding CXX object CMakeFiles/trajectory_replanning_example.dir/src/trajectory_replanning_example.cpp.o[0m
[ 50%] [32mBuilding CXX object CMakeFiles/trajectory_replanning_rishabh.dir/src/trajectory_replanning_rishabh.cpp.o[0m
[ 57%] [32m[1mLinking CXX executable /home/drone/Documents/ewok_ws/devel/.private/ewok_simulation/lib/ewok_simulation/pubCamPose[0m
[ 57%] Built target pubCamPose
[ 64%] [32m[1mLinking CXX executable /home/drone/Documents/ewok_ws/devel/.private/ewok_simulation/lib/ewok_simulation/bspline_controller_rishabh[0m
[ 71%] [32m[1mLinking CXX executable /home/drone/Documents/ewok_ws/devel/.private/ewok_simulation/lib/ewok_simulation/bspline_lee_position_controller_node[0m
[ 71%] Built target bspline_controller_rishabh
[ 71%] Built target bspline_lee_position_controller_node
[ 78%] [32m[1mLinking CXX executable /home/drone/Documents/ewok_ws/devel/.private/ewok_simulation/lib/ewok_simulation/pcNoise[0m
[ 78%] Built target pcNoise
[ 85%] [32m[1mLinking CXX executable /home/drone/Documents/ewok_ws/devel/.private/ewok_simulation/lib/ewok_simulation/trajectory_replanning_rishabh[0m
[ 92%] [32m[1mLinking CXX executable /home/drone/Documents/ewok_ws/devel/.private/ewok_simulation/lib/ewok_simulation/trajectory_replanning_example[0m
[100%] [32m[1mLinking CXX executable /home/drone/Documents/ewok_ws/devel/.private/ewok_simulation/lib/ewok_simulation/trajectory_replanning_pointcloud[0m
[100%] Built target trajectory_replanning_rishabh
[100%] Built target trajectory_replanning_example
[100%] Built target trajectory_replanning_pointcloud
