Not searching for unused variables given on the command line.
[36m--[0m The C compiler identification is GNU 7.5.0
[36m--[0m The CXX compiler identification is GNU 7.5.0
[36m--[0m Check for working C compiler: /usr/bin/cc
[36m--[0m Check for working C compiler: /usr/bin/cc -- works
[36m--[0m Detecting C compiler ABI info
[36m--[0m Detecting C compiler ABI info - done
[36m--[0m Detecting C compile features
[36m--[0m Detecting C compile features - done
[36m--[0m Check for working CXX compiler: /usr/bin/c++
[36m--[0m Check for working CXX compiler: /usr/bin/c++ -- works
[36m--[0m Detecting CXX compiler ABI info
[36m--[0m Detecting CXX compiler ABI info - done
[36m--[0m Detecting CXX compile features
[36m--[0m Detecting CXX compile features - done
[36m--[0m Using CATKIN_DEVEL_PREFIX: /home/drone/Documents/ewok_ws/devel/.private/ewok_optimization
[36m--[0m Using CMAKE_PREFIX_PATH: /home/drone/Documents/ewok_ws/devel;/opt/ros/melodic
[36m--[0m This workspace overlays: /home/drone/Documents/ewok_ws/devel;/opt/ros/melodic
[36m--[0m Found PythonInterp: /usr/bin/python2 (found suitable version "2.7.17", minimum required is "2")
[36m--[0m Using PYTHON_EXECUTABLE: /usr/bin/python2
[36m--[0m Using Debian Python package layout
[36m--[0m Using empy: /usr/bin/empy
[36m--[0m Using CATKIN_ENABLE_TESTING: ON
[36m--[0m Call enable_testing()
[36m--[0m Using CATKIN_TEST_RESULTS_DIR: /home/drone/Documents/ewok_ws/build/ewok_optimization/test_results
[36m--[0m Found gtest sources under '/usr/src/googletest': gtests will be built
[36m--[0m Found gmock sources under '/usr/src/googletest': gmock will be built
[36m--[0m Found PythonInterp: /usr/bin/python2 (found version "2.7.17")
[36m--[0m Looking for pthread.h
[36m--[0m Looking for pthread.h - found
[36m--[0m Looking for pthread_create
[36m--[0m Looking for pthread_create - not found
[36m--[0m Looking for pthread_create in pthreads
[36m--[0m Looking for pthread_create in pthreads - not found
[36m--[0m Looking for pthread_create in pthread
[36m--[0m Looking for pthread_create in pthread - found
[36m--[0m Found Threads: TRUE
[36m--[0m Using Python nosetests: /usr/bin/nosetests-2.7
[36m--[0m catkin 0.7.29
[36m--[0m BUILD_SHARED_LIBS is on
[36m--[0m Found Eigen3: /usr/include/eigen3 (Required is at least version "2.91.0")
[36m--[0m Marking EXECUTABLE "spline_optimization_example" of package "ewok_optimization" for installation
[36m--[0m Marking EXECUTABLE "spline_optimization_example2" of package "ewok_optimization" for installation
[36m--[0m Marking EXECUTABLE "spline_optimization_example3" of package "ewok_optimization" for installation
[36m--[0m Marking EXECUTABLE "polynomial_optimization_example" of package "ewok_optimization" for installation
[36m--[0m Marking HEADER FILES in "include" folder of package "ewok_optimization" for installation
[36m--[0m Marking SHARED CONTENT FOLDER "rviz" of package "ewok_optimization" for installation
CMake Error: The following variables are used in this project, but they are set to NOTFOUND.
Please set them or make sure they are set and tested correctly in the CMake files:
CHOLMOD_INCLUDE_DIR
   used as include directory in directory /home/drone/Documents/ewok_ws/src/Ewok-Planner/ewok/ewok_optimization
   used as include directory in directory /home/drone/Documents/ewok_ws/src/Ewok-Planner/ewok/ewok_optimization
   used as include directory in directory /home/drone/Documents/ewok_ws/src/Ewok-Planner/ewok/ewok_optimization
   used as include directory in directory /home/drone/Documents/ewok_ws/src/Ewok-Planner/ewok/ewok_optimization
   used as include directory in directory /home/drone/Documents/ewok_ws/src/Ewok-Planner/ewok/ewok_optimization
   used as include directory in directory /home/drone/Documents/ewok_ws/src/Ewok-Planner/ewok/ewok_optimization
   used as include directory in directory /home/drone/Documents/ewok_ws/src/Ewok-Planner/ewok/ewok_optimization
   used as include directory in directory /home/drone/Documents/ewok_ws/src/Ewok-Planner/ewok/ewok_optimization
   used as include directory in directory /home/drone/Documents/ewok_ws/src/Ewok-Planner/ewok/ewok_optimization
   used as include directory in directory /home/drone/Documents/ewok_ws/src/Ewok-Planner/ewok/ewok_optimization
   used as include directory in directory /home/drone/Documents/ewok_ws/src/Ewok-Planner/ewok/ewok_optimization
   used as include directory in directory /home/drone/Documents/ewok_ws/src/Ewok-Planner/ewok/ewok_optimization
   used as include directory in directory /home/drone/Documents/ewok_ws/src/Ewok-Planner/ewok/ewok_optimization
   used as include directory in directory /home/drone/Documents/ewok_ws/src/Ewok-Planner/ewok/ewok_optimization
   used as include directory in directory /home/drone/Documents/ewok_ws/src/Ewok-Planner/ewok/ewok_optimization
   used as include directory in directory /home/drone/Documents/ewok_ws/src/Ewok-Planner/ewok/ewok_optimization
   used as include directory in directory /home/drone/Documents/ewok_ws/src/Ewok-Planner/ewok/ewok_optimization
   used as include directory in directory /home/drone/Documents/ewok_ws/src/Ewok-Planner/ewok/ewok_optimization
   used as include directory in directory /home/drone/Documents/ewok_ws/src/Ewok-Planner/ewok/ewok_optimization
   used as include directory in directory /home/drone/Documents/ewok_ws/src/Ewok-Planner/ewok/ewok_optimization
   used as include directory in directory /home/drone/Documents/ewok_ws/src/Ewok-Planner/ewok/ewok_optimization
   used as include directory in directory /home/drone/Documents/ewok_ws/src/Ewok-Planner/ewok/ewok_optimization
   used as include directory in directory /home/drone/Documents/ewok_ws/src/Ewok-Planner/ewok/ewok_optimization
   used as include directory in directory /home/drone/Documents/ewok_ws/src/Ewok-Planner/ewok/ewok_optimization
   used as include directory in directory /home/drone/Documents/ewok_ws/src/Ewok-Planner/ewok/ewok_optimization
   used as include directory in directory /home/drone/Documents/ewok_ws/src/Ewok-Planner/ewok/ewok_optimization
   used as include directory in directory /home/drone/Documents/ewok_ws/src/Ewok-Planner/ewok/ewok_optimization
   used as include directory in directory /home/drone/Documents/ewok_ws/src/Ewok-Planner/ewok/ewok_optimization
   used as include directory in directory /home/drone/Documents/ewok_ws/src/Ewok-Planner/ewok/ewok_optimization
   used as include directory in directory /home/drone/Documents/ewok_ws/src/Ewok-Planner/ewok/ewok_optimization
   used as include directory in directory /home/drone/Documents/ewok_ws/src/Ewok-Planner/ewok/ewok_optimization
   used as include directory in directory /home/drone/Documents/ewok_ws/src/Ewok-Planner/ewok/ewok_optimization
   used as include directory in directory /home/drone/Documents/ewok_ws/src/Ewok-Planner/ewok/ewok_optimization
   used as include directory in directory /home/drone/Documents/ewok_ws/src/Ewok-Planner/ewok/ewok_optimization
   used as include directory in directory /home/drone/Documents/ewok_ws/src/Ewok-Planner/ewok/ewok_optimization
   used as include directory in directory /home/drone/Documents/ewok_ws/src/Ewok-Planner/ewok/ewok_optimization
   used as include directory in directory /home/drone/Documents/ewok_ws/src/Ewok-Planner/ewok/ewok_optimization
   used as include directory in directory /home/drone/Documents/ewok_ws/src/Ewok-Planner/ewok/ewok_optimization
   used as include directory in directory /home/drone/Documents/ewok_ws/src/Ewok-Planner/ewok/ewok_optimization
   used as include directory in directory /home/drone/Documents/ewok_ws/src/Ewok-Planner/ewok/ewok_optimization
   used as include directory in directory /home/drone/Documents/ewok_ws/src/Ewok-Planner/ewok/ewok_optimization
CHOLMOD_LIBRARY
    linked by target "spline_optimization_example3" in directory /home/drone/Documents/ewok_ws/src/Ewok-Planner/ewok/ewok_optimization
    linked by target "polynomial_optimization_example" in directory /home/drone/Documents/ewok_ws/src/Ewok-Planner/ewok/ewok_optimization

[36m--[0m Configuring incomplete, errors occurred!
See also "/home/drone/Documents/ewok_ws/build/ewok_optimization/CMakeFiles/CMakeOutput.log".
See also "/home/drone/Documents/ewok_ws/build/ewok_optimization/CMakeFiles/CMakeError.log".
