[35m[1mScanning dependencies of target roscpp_generate_messages_eus[0m
[35m[1mScanning dependencies of target rosgraph_msgs_generate_messages_cpp[0m
[35m[1mScanning dependencies of target rosgraph_msgs_generate_messages_eus[0m
[35m[1mScanning dependencies of target roscpp_generate_messages_py[0m
[35m[1mScanning dependencies of target roscpp_generate_messages_cpp[0m
[35m[1mScanning dependencies of target roscpp_generate_messages_nodejs[0m
[35m[1mScanning dependencies of target rosgraph_msgs_generate_messages_py[0m
[35m[1mScanning dependencies of target std_msgs_generate_messages_py[0m
[35m[1mScanning dependencies of target rosgraph_msgs_generate_messages_lisp[0m
[35m[1mScanning dependencies of target rosgraph_msgs_generate_messages_nodejs[0m
[35m[1mScanning dependencies of target std_msgs_generate_messages_eus[0m
[  0%] Built target rosgraph_msgs_generate_messages_nodejs
[  0%] Built target rosgraph_msgs_generate_messages_py
[  0%] Built target rosgraph_msgs_generate_messages_lisp
[  0%] Built target roscpp_generate_messages_py
[  0%] Built target rosgraph_msgs_generate_messages_eus
[  0%] Built target roscpp_generate_messages_nodejs
[  0%] Built target rosgraph_msgs_generate_messages_cpp
[  0%] Built target roscpp_generate_messages_eus
[  0%] Built target roscpp_generate_messages_cpp
[  0%] Built target std_msgs_generate_messages_py
[  0%] Built target std_msgs_generate_messages_eus
[35m[1mScanning dependencies of target roscpp_generate_messages_lisp[0m
[35m[1mScanning dependencies of target std_msgs_generate_messages_lisp[0m
[35m[1mScanning dependencies of target std_msgs_generate_messages_nodejs[0m
[35m[1mScanning dependencies of target std_msgs_generate_messages_cpp[0m
[  0%] Built target std_msgs_generate_messages_lisp
[  0%] Built target roscpp_generate_messages_lisp
[  0%] Built target std_msgs_generate_messages_cpp
[  0%] Built target std_msgs_generate_messages_nodejs
[35m[1mScanning dependencies of target spline_optimization_example3[0m
[35m[1mScanning dependencies of target polynomial_optimization_example[0m
[35m[1mScanning dependencies of target spline_optimization_example2[0m
[35m[1mScanning dependencies of target spline_optimization_example[0m
[ 12%] [32mBuilding CXX object CMakeFiles/spline_optimization_example.dir/src/spline_optimization_example.cpp.o[0m
[ 25%] [32mBuilding CXX object CMakeFiles/spline_optimization_example2.dir/src/spline_optimization_example2.cpp.o[0m
[ 37%] [32mBuilding CXX object CMakeFiles/polynomial_optimization_example.dir/src/polynomial_optimization_example.cpp.o[0m
[ 50%] [32mBuilding CXX object CMakeFiles/spline_optimization_example3.dir/src/spline_optimization_example3.cpp.o[0m
[ 62%] [32m[1mLinking CXX executable /home/drone/Documents/ewok_ws/devel/.private/ewok_optimization/lib/ewok_optimization/spline_optimization_example2[0m
[ 75%] [32m[1mLinking CXX executable /home/drone/Documents/ewok_ws/devel/.private/ewok_optimization/lib/ewok_optimization/spline_optimization_example[0m
[ 75%] Built target spline_optimization_example2
[ 75%] Built target spline_optimization_example
[ 87%] [32m[1mLinking CXX executable /home/drone/Documents/ewok_ws/devel/.private/ewok_optimization/lib/ewok_optimization/polynomial_optimization_example[0m
[ 87%] Built target polynomial_optimization_example
[100%] [32m[1mLinking CXX executable /home/drone/Documents/ewok_ws/devel/.private/ewok_optimization/lib/ewok_optimization/spline_optimization_example3[0m
[100%] Built target spline_optimization_example3
