CMake Error: The following variables are used in this project, but they are set to NOTFOUND.
Please set them or make sure they are set and tested correctly in the CMake files:
CHOLMOD_INCLUDE_DIR
   used as include directory in directory /home/drone/Documents/ewok_ws/src/Ewok-Planner/ewok/ewok_optimization
   used as include directory in directory /home/drone/Documents/ewok_ws/src/Ewok-Planner/ewok/ewok_optimization
   used as include directory in directory /home/drone/Documents/ewok_ws/src/Ewok-Planner/ewok/ewok_optimization
   used as include directory in directory /home/drone/Documents/ewok_ws/src/Ewok-Planner/ewok/ewok_optimization
   used as include directory in directory /home/drone/Documents/ewok_ws/src/Ewok-Planner/ewok/ewok_optimization
   used as include directory in directory /home/drone/Documents/ewok_ws/src/Ewok-Planner/ewok/ewok_optimization
   used as include directory in directory /home/drone/Documents/ewok_ws/src/Ewok-Planner/ewok/ewok_optimization
   used as include directory in directory /home/drone/Documents/ewok_ws/src/Ewok-Planner/ewok/ewok_optimization
   used as include directory in directory /home/drone/Documents/ewok_ws/src/Ewok-Planner/ewok/ewok_optimization
   used as include directory in directory /home/drone/Documents/ewok_ws/src/Ewok-Planner/ewok/ewok_optimization
   used as include directory in directory /home/drone/Documents/ewok_ws/src/Ewok-Planner/ewok/ewok_optimization
   used as include directory in directory /home/drone/Documents/ewok_ws/src/Ewok-Planner/ewok/ewok_optimization
   used as include directory in directory /home/drone/Documents/ewok_ws/src/Ewok-Planner/ewok/ewok_optimization
   used as include directory in directory /home/drone/Documents/ewok_ws/src/Ewok-Planner/ewok/ewok_optimization
   used as include directory in directory /home/drone/Documents/ewok_ws/src/Ewok-Planner/ewok/ewok_optimization
   used as include directory in directory /home/drone/Documents/ewok_ws/src/Ewok-Planner/ewok/ewok_optimization
   used as include directory in directory /home/drone/Documents/ewok_ws/src/Ewok-Planner/ewok/ewok_optimization
   used as include directory in directory /home/drone/Documents/ewok_ws/src/Ewok-Planner/ewok/ewok_optimization
   used as include directory in directory /home/drone/Documents/ewok_ws/src/Ewok-Planner/ewok/ewok_optimization
   used as include directory in directory /home/drone/Documents/ewok_ws/src/Ewok-Planner/ewok/ewok_optimization
   used as include directory in directory /home/drone/Documents/ewok_ws/src/Ewok-Planner/ewok/ewok_optimization
   used as include directory in directory /home/drone/Documents/ewok_ws/src/Ewok-Planner/ewok/ewok_optimization
   used as include directory in directory /home/drone/Documents/ewok_ws/src/Ewok-Planner/ewok/ewok_optimization
   used as include directory in directory /home/drone/Documents/ewok_ws/src/Ewok-Planner/ewok/ewok_optimization
   used as include directory in directory /home/drone/Documents/ewok_ws/src/Ewok-Planner/ewok/ewok_optimization
   used as include directory in directory /home/drone/Documents/ewok_ws/src/Ewok-Planner/ewok/ewok_optimization
   used as include directory in directory /home/drone/Documents/ewok_ws/src/Ewok-Planner/ewok/ewok_optimization
   used as include directory in directory /home/drone/Documents/ewok_ws/src/Ewok-Planner/ewok/ewok_optimization
   used as include directory in directory /home/drone/Documents/ewok_ws/src/Ewok-Planner/ewok/ewok_optimization
   used as include directory in directory /home/drone/Documents/ewok_ws/src/Ewok-Planner/ewok/ewok_optimization
   used as include directory in directory /home/drone/Documents/ewok_ws/src/Ewok-Planner/ewok/ewok_optimization
   used as include directory in directory /home/drone/Documents/ewok_ws/src/Ewok-Planner/ewok/ewok_optimization
   used as include directory in directory /home/drone/Documents/ewok_ws/src/Ewok-Planner/ewok/ewok_optimization
   used as include directory in directory /home/drone/Documents/ewok_ws/src/Ewok-Planner/ewok/ewok_optimization
   used as include directory in directory /home/drone/Documents/ewok_ws/src/Ewok-Planner/ewok/ewok_optimization
   used as include directory in directory /home/drone/Documents/ewok_ws/src/Ewok-Planner/ewok/ewok_optimization
   used as include directory in directory /home/drone/Documents/ewok_ws/src/Ewok-Planner/ewok/ewok_optimization
   used as include directory in directory /home/drone/Documents/ewok_ws/src/Ewok-Planner/ewok/ewok_optimization
   used as include directory in directory /home/drone/Documents/ewok_ws/src/Ewok-Planner/ewok/ewok_optimization
   used as include directory in directory /home/drone/Documents/ewok_ws/src/Ewok-Planner/ewok/ewok_optimization
   used as include directory in directory /home/drone/Documents/ewok_ws/src/Ewok-Planner/ewok/ewok_optimization
CHOLMOD_LIBRARY
    linked by target "spline_optimization_example3" in directory /home/drone/Documents/ewok_ws/src/Ewok-Planner/ewok/ewok_optimization
    linked by target "polynomial_optimization_example" in directory /home/drone/Documents/ewok_ws/src/Ewok-Planner/ewok/ewok_optimization

